{"C:\\Users\\Danil\\OneDrive\\Escritorio\\bolsa_trabajo_front\\worknet\\src\\App.jsx": {"path":"C:\\Users\\Danil\\OneDrive\\Escritorio\\bolsa_trabajo_front\\worknet\\src\\App.jsx","all":true,"statementMap":{"0":{"start":{"line":1,"column":0},"end":{"line":1,"column":26}},"1":{"start":{"line":2,"column":0},"end":{"line":2,"column":49}},"3":{"start":{"line":4,"column":0},"end":{"line":4,"column":53}},"4":{"start":{"line":5,"column":0},"end":{"line":5,"column":63}},"5":{"start":{"line":6,"column":0},"end":{"line":6,"column":59}},"6":{"start":{"line":7,"column":0},"end":{"line":7,"column":61}},"7":{"start":{"line":8,"column":0},"end":{"line":8,"column":87}},"8":{"start":{"line":9,"column":0},"end":{"line":9,"column":96}},"9":{"start":{"line":10,"column":0},"end":{"line":10,"column":55}},"10":{"start":{"line":11,"column":0},"end":{"line":11,"column":59}},"12":{"start":{"line":13,"column":0},"end":{"line":13,"column":16}},"13":{"start":{"line":14,"column":0},"end":{"line":14,"column":10}},"14":{"start":{"line":15,"column":0},"end":{"line":15,"column":46}},"15":{"start":{"line":16,"column":0},"end":{"line":16,"column":14}},"16":{"start":{"line":17,"column":0},"end":{"line":17,"column":53}},"17":{"start":{"line":18,"column":0},"end":{"line":18,"column":75}},"18":{"start":{"line":19,"column":0},"end":{"line":19,"column":76}},"19":{"start":{"line":20,"column":0},"end":{"line":20,"column":72}},"20":{"start":{"line":21,"column":0},"end":{"line":21,"column":68}},"21":{"start":{"line":22,"column":0},"end":{"line":22,"column":72}},"25":{"start":{"line":26,"column":0},"end":{"line":26,"column":74}},"28":{"start":{"line":29,"column":0},"end":{"line":29,"column":96}},"29":{"start":{"line":30,"column":0},"end":{"line":30,"column":15}},"30":{"start":{"line":31,"column":0},"end":{"line":31,"column":10}},"32":{"start":{"line":33,"column":0},"end":{"line":33,"column":1}},"34":{"start":{"line":35,"column":0},"end":{"line":35,"column":19}}},"s":{"0":0,"1":0,"3":0,"4":0,"5":0,"6":0,"7":0,"8":0,"9":0,"10":0,"12":0,"13":0,"14":0,"15":0,"16":0,"17":0,"18":0,"19":0,"20":0,"21":0,"25":0,"28":0,"29":0,"30":0,"32":0,"34":0},"branchMap":{"0":{"type":"branch","line":1,"loc":{"start":{"line":1,"column":771},"end":{"line":35,"column":-780}},"locations":[{"start":{"line":1,"column":771},"end":{"line":35,"column":-780}}]}},"b":{"0":[0]},"fnMap":{"0":{"name":"(empty-report)","decl":{"start":{"line":1,"column":771},"end":{"line":35,"column":-780}},"loc":{"start":{"line":1,"column":771},"end":{"line":35,"column":-780}},"line":1}},"f":{"0":0}}
,"C:\\Users\\Danil\\OneDrive\\Escritorio\\bolsa_trabajo_front\\worknet\\src\\main.jsx": {"path":"C:\\Users\\Danil\\OneDrive\\Escritorio\\bolsa_trabajo_front\\worknet\\src\\main.jsx","all":true,"statementMap":{"0":{"start":{"line":1,"column":0},"end":{"line":1,"column":26}},"1":{"start":{"line":2,"column":0},"end":{"line":2,"column":46}},"2":{"start":{"line":3,"column":0},"end":{"line":3,"column":65}},"3":{"start":{"line":4,"column":0},"end":{"line":4,"column":21}},"4":{"start":{"line":5,"column":0},"end":{"line":5,"column":24}},"6":{"start":{"line":7,"column":0},"end":{"line":7,"column":51}},"7":{"start":{"line":8,"column":0},"end":{"line":8,"column":20}},"8":{"start":{"line":9,"column":0},"end":{"line":9,"column":45}},"9":{"start":{"line":10,"column":0},"end":{"line":10,"column":13}},"10":{"start":{"line":11,"column":0},"end":{"line":11,"column":20}},"11":{"start":{"line":12,"column":0},"end":{"line":12,"column":21}},"12":{"start":{"line":13,"column":0},"end":{"line":13,"column":2}}},"s":{"0":0,"1":0,"2":0,"3":0,"4":0,"6":0,"7":0,"8":0,"9":0,"10":0,"11":0,"12":0},"branchMap":{"0":{"type":"branch","line":1,"loc":{"start":{"line":1,"column":322},"end":{"line":13,"column":-235}},"locations":[{"start":{"line":1,"column":322},"end":{"line":13,"column":-235}}]}},"b":{"0":[0]},"fnMap":{"0":{"name":"(empty-report)","decl":{"start":{"line":1,"column":322},"end":{"line":13,"column":-235}},"loc":{"start":{"line":1,"column":322},"end":{"line":13,"column":-235}},"line":1}},"f":{"0":0}}
,"C:\\Users\\Danil\\OneDrive\\Escritorio\\bolsa_trabajo_front\\worknet\\src\\components\\ElegirTipoCuenta.jsx": {"path":"C:\\Users\\Danil\\OneDrive\\Escritorio\\bolsa_trabajo_front\\worknet\\src\\components\\ElegirTipoCuenta.jsx","all":false,"statementMap":{"0":{"start":{"line":1,"column":0},"end":{"line":1,"column":47}},"2":{"start":{"line":3,"column":0},"end":{"line":3,"column":29}},"3":{"start":{"line":4,"column":0},"end":{"line":4,"column":33}},"5":{"start":{"line":6,"column":0},"end":{"line":6,"column":10}},"6":{"start":{"line":7,"column":0},"end":{"line":7,"column":39}},"8":{"start":{"line":9,"column":0},"end":{"line":9,"column":80}},"9":{"start":{"line":10,"column":0},"end":{"line":10,"column":74}},"11":{"start":{"line":12,"column":0},"end":{"line":12,"column":15}},"12":{"start":{"line":13,"column":0},"end":{"line":13,"column":68}},"13":{"start":{"line":14,"column":0},"end":{"line":14,"column":57}},"14":{"start":{"line":15,"column":0},"end":{"line":15,"column":9}},"16":{"start":{"line":17,"column":0},"end":{"line":17,"column":17}},"18":{"start":{"line":19,"column":0},"end":{"line":19,"column":15}},"19":{"start":{"line":20,"column":0},"end":{"line":20,"column":78}},"20":{"start":{"line":21,"column":0},"end":{"line":21,"column":55}},"21":{"start":{"line":22,"column":0},"end":{"line":22,"column":9}},"23":{"start":{"line":24,"column":0},"end":{"line":24,"column":17}},"25":{"start":{"line":26,"column":0},"end":{"line":26,"column":28}},"26":{"start":{"line":27,"column":0},"end":{"line":27,"column":37}},"27":{"start":{"line":28,"column":0},"end":{"line":28,"column":15}},"28":{"start":{"line":29,"column":0},"end":{"line":29,"column":53}},"29":{"start":{"line":30,"column":0},"end":{"line":30,"column":41}},"30":{"start":{"line":31,"column":0},"end":{"line":31,"column":11}},"32":{"start":{"line":33,"column":0},"end":{"line":33,"column":17}},"33":{"start":{"line":34,"column":0},"end":{"line":34,"column":12}},"34":{"start":{"line":35,"column":0},"end":{"line":35,"column":12}},"37":{"start":{"line":38,"column":0},"end":{"line":38,"column":102}},"38":{"start":{"line":39,"column":0},"end":{"line":39,"column":65}},"39":{"start":{"line":40,"column":0},"end":{"line":40,"column":40}},"41":{"start":{"line":42,"column":0},"end":{"line":42,"column":51}},"42":{"start":{"line":43,"column":0},"end":{"line":43,"column":44}},"43":{"start":{"line":44,"column":0},"end":{"line":44,"column":12}},"45":{"start":{"line":46,"column":0},"end":{"line":46,"column":15}},"46":{"start":{"line":47,"column":0},"end":{"line":47,"column":84}},"47":{"start":{"line":48,"column":0},"end":{"line":48,"column":39}},"48":{"start":{"line":49,"column":0},"end":{"line":49,"column":9}},"50":{"start":{"line":51,"column":0},"end":{"line":51,"column":17}},"51":{"start":{"line":52,"column":0},"end":{"line":52,"column":12}},"52":{"start":{"line":53,"column":0},"end":{"line":53,"column":10}},"54":{"start":{"line":55,"column":0},"end":{"line":55,"column":1}},"56":{"start":{"line":57,"column":0},"end":{"line":57,"column":32}}},"s":{"0":1,"2":6,"3":6,"5":6,"6":6,"8":6,"9":6,"11":6,"12":6,"13":6,"14":6,"16":6,"18":6,"19":6,"20":6,"21":6,"23":6,"25":6,"26":6,"27":6,"28":6,"29":6,"30":6,"32":6,"33":6,"34":6,"37":6,"38":6,"39":6,"41":6,"42":6,"43":6,"45":6,"46":6,"47":6,"48":6,"50":6,"51":6,"52":6,"54":6,"56":1},"branchMap":{"0":{"type":"branch","line":3,"loc":{"start":{"line":3,"column":0},"end":{"line":55,"column":1}},"locations":[{"start":{"line":3,"column":0},"end":{"line":55,"column":1}}]},"1":{"type":"branch","line":14,"loc":{"start":{"line":14,"column":19},"end":{"line":14,"column":57}},"locations":[{"start":{"line":14,"column":19},"end":{"line":14,"column":57}}]},"2":{"type":"branch","line":21,"loc":{"start":{"line":21,"column":19},"end":{"line":21,"column":55}},"locations":[{"start":{"line":21,"column":19},"end":{"line":21,"column":55}}]},"3":{"type":"branch","line":30,"loc":{"start":{"line":30,"column":21},"end":{"line":30,"column":41}},"locations":[{"start":{"line":30,"column":21},"end":{"line":30,"column":41}}]},"4":{"type":"branch","line":48,"loc":{"start":{"line":48,"column":19},"end":{"line":48,"column":39}},"locations":[{"start":{"line":48,"column":19},"end":{"line":48,"column":39}}]}},"b":{"0":[6],"1":[1],"2":[1],"3":[1],"4":[1]},"fnMap":{"0":{"name":"ElegirTipoCuenta","decl":{"start":{"line":3,"column":0},"end":{"line":55,"column":1}},"loc":{"start":{"line":3,"column":0},"end":{"line":55,"column":1}},"line":3},"1":{"name":"onClick","decl":{"start":{"line":14,"column":19},"end":{"line":14,"column":57}},"loc":{"start":{"line":14,"column":19},"end":{"line":14,"column":57}},"line":14},"2":{"name":"onClick","decl":{"start":{"line":21,"column":19},"end":{"line":21,"column":55}},"loc":{"start":{"line":21,"column":19},"end":{"line":21,"column":55}},"line":21},"3":{"name":"onClick","decl":{"start":{"line":30,"column":21},"end":{"line":30,"column":41}},"loc":{"start":{"line":30,"column":21},"end":{"line":30,"column":41}},"line":30},"4":{"name":"onClick","decl":{"start":{"line":48,"column":19},"end":{"line":48,"column":39}},"loc":{"start":{"line":48,"column":19},"end":{"line":48,"column":39}},"line":48}},"f":{"0":6,"1":1,"2":1,"3":1,"4":1}}
,"C:\\Users\\Danil\\OneDrive\\Escritorio\\bolsa_trabajo_front\\worknet\\src\\components\\EnviarRecuperacionCorreo.jsx": {"path":"C:\\Users\\Danil\\OneDrive\\Escritorio\\bolsa_trabajo_front\\worknet\\src\\components\\EnviarRecuperacionCorreo.jsx","all":false,"statementMap":{"0":{"start":{"line":1,"column":0},"end":{"line":1,"column":33}},"1":{"start":{"line":2,"column":0},"end":{"line":2,"column":34}},"2":{"start":{"line":3,"column":0},"end":{"line":3,"column":47}},"4":{"start":{"line":5,"column":0},"end":{"line":5,"column":52}},"5":{"start":{"line":6,"column":0},"end":{"line":6,"column":41}},"6":{"start":{"line":7,"column":0},"end":{"line":7,"column":45}},"7":{"start":{"line":8,"column":0},"end":{"line":8,"column":41}},"8":{"start":{"line":9,"column":0},"end":{"line":9,"column":33}},"10":{"start":{"line":11,"column":0},"end":{"line":11,"column":37}},"11":{"start":{"line":12,"column":0},"end":{"line":12,"column":23}},"12":{"start":{"line":13,"column":0},"end":{"line":13,"column":19}},"13":{"start":{"line":14,"column":0},"end":{"line":14,"column":17}},"15":{"start":{"line":16,"column":0},"end":{"line":16,"column":9}},"16":{"start":{"line":17,"column":0},"end":{"line":17,"column":73}},"17":{"start":{"line":18,"column":0},"end":{"line":18,"column":40}},"18":{"start":{"line":19,"column":0},"end":{"line":19,"column":19}},"19":{"start":{"line":20,"column":0},"end":{"line":20,"column":67}},"20":{"start":{"line":21,"column":0},"end":{"line":21,"column":5}},"21":{"start":{"line":22,"column":0},"end":{"line":22,"column":4}},"23":{"start":{"line":24,"column":0},"end":{"line":24,"column":10}},"24":{"start":{"line":25,"column":0},"end":{"line":25,"column":87}},"25":{"start":{"line":26,"column":0},"end":{"line":26,"column":85}},"26":{"start":{"line":27,"column":0},"end":{"line":27,"column":96}},"27":{"start":{"line":28,"column":0},"end":{"line":28,"column":38}},"28":{"start":{"line":29,"column":0},"end":{"line":29,"column":42}},"29":{"start":{"line":30,"column":0},"end":{"line":30,"column":90}},"30":{"start":{"line":31,"column":0},"end":{"line":31,"column":18}},"31":{"start":{"line":32,"column":0},"end":{"line":32,"column":26}},"32":{"start":{"line":33,"column":0},"end":{"line":33,"column":45}},"33":{"start":{"line":34,"column":0},"end":{"line":34,"column":27}},"34":{"start":{"line":35,"column":0},"end":{"line":35,"column":56}},"35":{"start":{"line":36,"column":0},"end":{"line":36,"column":57}},"36":{"start":{"line":37,"column":0},"end":{"line":37,"column":22}},"37":{"start":{"line":38,"column":0},"end":{"line":38,"column":14}},"38":{"start":{"line":39,"column":0},"end":{"line":39,"column":16}},"39":{"start":{"line":40,"column":0},"end":{"line":40,"column":17}},"40":{"start":{"line":41,"column":0},"end":{"line":41,"column":25}},"41":{"start":{"line":42,"column":0},"end":{"line":42,"column":90}},"42":{"start":{"line":43,"column":0},"end":{"line":43,"column":11}},"44":{"start":{"line":45,"column":0},"end":{"line":45,"column":19}},"45":{"start":{"line":46,"column":0},"end":{"line":46,"column":15}},"47":{"start":{"line":48,"column":0},"end":{"line":48,"column":69}},"48":{"start":{"line":49,"column":0},"end":{"line":49,"column":63}},"50":{"start":{"line":51,"column":0},"end":{"line":51,"column":36}},"51":{"start":{"line":52,"column":0},"end":{"line":52,"column":17}},"52":{"start":{"line":53,"column":0},"end":{"line":53,"column":41}},"53":{"start":{"line":54,"column":0},"end":{"line":54,"column":56}},"54":{"start":{"line":55,"column":0},"end":{"line":55,"column":11}},"56":{"start":{"line":57,"column":0},"end":{"line":57,"column":19}},"57":{"start":{"line":58,"column":0},"end":{"line":58,"column":12}},"58":{"start":{"line":59,"column":0},"end":{"line":59,"column":12}},"59":{"start":{"line":60,"column":0},"end":{"line":60,"column":10}},"61":{"start":{"line":62,"column":0},"end":{"line":62,"column":1}}},"s":{"0":1,"1":1,"2":1,"4":9,"5":9,"6":9,"7":9,"8":9,"10":9,"11":2,"12":2,"13":2,"15":2,"16":2,"17":1,"18":1,"19":1,"20":1,"21":2,"23":9,"24":9,"25":9,"26":9,"27":9,"28":9,"29":9,"30":9,"31":9,"32":9,"33":9,"34":9,"35":9,"36":9,"37":9,"38":9,"39":9,"40":9,"41":9,"42":9,"44":9,"45":9,"47":9,"48":9,"50":9,"51":9,"52":9,"53":9,"54":9,"56":9,"57":9,"58":9,"59":9,"61":9},"branchMap":{"0":{"type":"branch","line":5,"loc":{"start":{"line":5,"column":0},"end":{"line":62,"column":1}},"locations":[{"start":{"line":5,"column":0},"end":{"line":62,"column":1}}]},"1":{"type":"branch","line":48,"loc":{"start":{"line":48,"column":9},"end":{"line":48,"column":69}},"locations":[{"start":{"line":48,"column":9},"end":{"line":48,"column":69}}]},"2":{"type":"branch","line":49,"loc":{"start":{"line":49,"column":9},"end":{"line":49,"column":63}},"locations":[{"start":{"line":49,"column":9},"end":{"line":49,"column":63}}]},"3":{"type":"branch","line":11,"loc":{"start":{"line":11,"column":23},"end":{"line":22,"column":4}},"locations":[{"start":{"line":11,"column":23},"end":{"line":22,"column":4}}]},"4":{"type":"branch","line":17,"loc":{"start":{"line":17,"column":71},"end":{"line":21,"column":5}},"locations":[{"start":{"line":17,"column":71},"end":{"line":21,"column":5}}]},"5":{"type":"branch","line":35,"loc":{"start":{"line":35,"column":24},"end":{"line":35,"column":56}},"locations":[{"start":{"line":35,"column":24},"end":{"line":35,"column":56}}]}},"b":{"0":[9],"1":[1],"2":[1],"3":[2],"4":[1],"5":[2]},"fnMap":{"0":{"name":"EnviarRecuperacionCorreo","decl":{"start":{"line":5,"column":0},"end":{"line":62,"column":1}},"loc":{"start":{"line":5,"column":0},"end":{"line":62,"column":1}},"line":5},"1":{"name":"handleSubmit","decl":{"start":{"line":11,"column":23},"end":{"line":22,"column":4}},"loc":{"start":{"line":11,"column":23},"end":{"line":22,"column":4}},"line":11},"2":{"name":"onChange","decl":{"start":{"line":35,"column":24},"end":{"line":35,"column":56}},"loc":{"start":{"line":35,"column":24},"end":{"line":35,"column":56}},"line":35},"3":{"name":"onClick","decl":{"start":{"line":53,"column":21},"end":{"line":53,"column":41}},"loc":{"start":{"line":53,"column":21},"end":{"line":53,"column":41}},"line":53}},"f":{"0":9,"1":2,"2":2,"3":0}}
,"C:\\Users\\Danil\\OneDrive\\Escritorio\\bolsa_trabajo_front\\worknet\\src\\components\\InicioSesion.jsx": {"path":"C:\\Users\\Danil\\OneDrive\\Escritorio\\bolsa_trabajo_front\\worknet\\src\\components\\InicioSesion.jsx","all":false,"statementMap":{"0":{"start":{"line":1,"column":0},"end":{"line":1,"column":40}},"1":{"start":{"line":2,"column":0},"end":{"line":2,"column":53}},"2":{"start":{"line":3,"column":0},"end":{"line":3,"column":34}},"4":{"start":{"line":5,"column":0},"end":{"line":5,"column":25}},"5":{"start":{"line":6,"column":0},"end":{"line":6,"column":44}},"6":{"start":{"line":7,"column":0},"end":{"line":7,"column":14}},"7":{"start":{"line":8,"column":0},"end":{"line":8,"column":16}},"8":{"start":{"line":9,"column":0},"end":{"line":9,"column":5}},"10":{"start":{"line":11,"column":0},"end":{"line":11,"column":45}},"11":{"start":{"line":12,"column":0},"end":{"line":12,"column":41}},"12":{"start":{"line":13,"column":0},"end":{"line":13,"column":33}},"14":{"start":{"line":15,"column":0},"end":{"line":15,"column":29}},"15":{"start":{"line":16,"column":0},"end":{"line":16,"column":17}},"16":{"start":{"line":17,"column":0},"end":{"line":17,"column":18}},"17":{"start":{"line":18,"column":0},"end":{"line":18,"column":37}},"18":{"start":{"line":19,"column":0},"end":{"line":19,"column":7}},"19":{"start":{"line":20,"column":0},"end":{"line":20,"column":4}},"21":{"start":{"line":22,"column":0},"end":{"line":22,"column":35}},"22":{"start":{"line":23,"column":0},"end":{"line":23,"column":23}},"23":{"start":{"line":24,"column":0},"end":{"line":24,"column":19}},"24":{"start":{"line":25,"column":0},"end":{"line":25,"column":17}},"26":{"start":{"line":27,"column":0},"end":{"line":27,"column":9}},"27":{"start":{"line":28,"column":0},"end":{"line":28,"column":67}},"30":{"start":{"line":31,"column":0},"end":{"line":31,"column":57}},"31":{"start":{"line":32,"column":0},"end":{"line":32,"column":71}},"33":{"start":{"line":34,"column":0},"end":{"line":34,"column":82}},"36":{"start":{"line":37,"column":0},"end":{"line":37,"column":53}},"37":{"start":{"line":38,"column":0},"end":{"line":38,"column":36}},"38":{"start":{"line":39,"column":0},"end":{"line":39,"column":62}},"39":{"start":{"line":40,"column":0},"end":{"line":40,"column":38}},"40":{"start":{"line":41,"column":0},"end":{"line":41,"column":7}},"41":{"start":{"line":42,"column":0},"end":{"line":42,"column":19}},"42":{"start":{"line":43,"column":0},"end":{"line":43,"column":46}},"43":{"start":{"line":44,"column":0},"end":{"line":44,"column":87}},"44":{"start":{"line":45,"column":0},"end":{"line":45,"column":14}},"45":{"start":{"line":46,"column":0},"end":{"line":46,"column":39}},"46":{"start":{"line":47,"column":0},"end":{"line":47,"column":7}},"47":{"start":{"line":48,"column":0},"end":{"line":48,"column":5}},"48":{"start":{"line":49,"column":0},"end":{"line":49,"column":4}},"50":{"start":{"line":51,"column":0},"end":{"line":51,"column":10}},"51":{"start":{"line":52,"column":0},"end":{"line":52,"column":39}},"53":{"start":{"line":54,"column":0},"end":{"line":54,"column":102}},"54":{"start":{"line":55,"column":0},"end":{"line":55,"column":65}},"55":{"start":{"line":56,"column":0},"end":{"line":56,"column":40}},"57":{"start":{"line":58,"column":0},"end":{"line":58,"column":12}},"58":{"start":{"line":59,"column":0},"end":{"line":59,"column":15}},"59":{"start":{"line":60,"column":0},"end":{"line":60,"column":57}},"60":{"start":{"line":61,"column":0},"end":{"line":61,"column":108}},"61":{"start":{"line":62,"column":0},"end":{"line":62,"column":9}},"63":{"start":{"line":64,"column":0},"end":{"line":64,"column":17}},"64":{"start":{"line":65,"column":0},"end":{"line":65,"column":12}},"67":{"start":{"line":68,"column":0},"end":{"line":68,"column":85}},"68":{"start":{"line":69,"column":0},"end":{"line":69,"column":67}},"69":{"start":{"line":70,"column":0},"end":{"line":70,"column":66}},"70":{"start":{"line":71,"column":0},"end":{"line":71,"column":32}},"71":{"start":{"line":72,"column":0},"end":{"line":72,"column":69}},"72":{"start":{"line":73,"column":0},"end":{"line":73,"column":18}},"73":{"start":{"line":74,"column":0},"end":{"line":74,"column":26}},"74":{"start":{"line":75,"column":0},"end":{"line":75,"column":26}},"75":{"start":{"line":76,"column":0},"end":{"line":76,"column":57}},"76":{"start":{"line":77,"column":0},"end":{"line":77,"column":46}},"77":{"start":{"line":78,"column":0},"end":{"line":78,"column":36}},"78":{"start":{"line":79,"column":0},"end":{"line":79,"column":37}},"79":{"start":{"line":80,"column":0},"end":{"line":80,"column":22}},"80":{"start":{"line":81,"column":0},"end":{"line":81,"column":14}},"81":{"start":{"line":82,"column":0},"end":{"line":82,"column":16}},"82":{"start":{"line":83,"column":0},"end":{"line":83,"column":32}},"83":{"start":{"line":84,"column":0},"end":{"line":84,"column":74}},"84":{"start":{"line":85,"column":0},"end":{"line":85,"column":18}},"85":{"start":{"line":86,"column":0},"end":{"line":86,"column":29}},"86":{"start":{"line":87,"column":0},"end":{"line":87,"column":29}},"87":{"start":{"line":88,"column":0},"end":{"line":88,"column":57}},"88":{"start":{"line":89,"column":0},"end":{"line":89,"column":38}},"89":{"start":{"line":90,"column":0},"end":{"line":90,"column":39}},"90":{"start":{"line":91,"column":0},"end":{"line":91,"column":37}},"91":{"start":{"line":92,"column":0},"end":{"line":92,"column":22}},"92":{"start":{"line":93,"column":0},"end":{"line":93,"column":14}},"93":{"start":{"line":94,"column":0},"end":{"line":94,"column":16}},"96":{"start":{"line":97,"column":0},"end":{"line":97,"column":51}},"97":{"start":{"line":98,"column":0},"end":{"line":98,"column":79}},"99":{"start":{"line":100,"column":0},"end":{"line":100,"column":19}},"100":{"start":{"line":101,"column":0},"end":{"line":101,"column":16}},"102":{"start":{"line":103,"column":0},"end":{"line":103,"column":17}},"103":{"start":{"line":104,"column":0},"end":{"line":104,"column":25}},"104":{"start":{"line":105,"column":0},"end":{"line":105,"column":101}},"105":{"start":{"line":106,"column":0},"end":{"line":106,"column":11}},"107":{"start":{"line":108,"column":0},"end":{"line":108,"column":19}},"109":{"start":{"line":110,"column":0},"end":{"line":110,"column":83}},"110":{"start":{"line":111,"column":0},"end":{"line":111,"column":77}},"111":{"start":{"line":112,"column":0},"end":{"line":112,"column":15}},"112":{"start":{"line":113,"column":0},"end":{"line":113,"column":12}},"113":{"start":{"line":114,"column":0},"end":{"line":114,"column":10}},"115":{"start":{"line":116,"column":0},"end":{"line":116,"column":1}},"117":{"start":{"line":118,"column":0},"end":{"line":118,"column":28}}},"s":{"0":1,"1":1,"2":1,"4":6,"5":6,"6":6,"7":6,"8":6,"10":6,"11":6,"12":6,"14":6,"15":2,"16":2,"17":2,"18":2,"19":2,"21":6,"22":1,"23":1,"24":1,"26":1,"27":1,"30":1,"31":1,"33":1,"36":1,"37":0,"38":1,"39":1,"40":1,"41":1,"42":0,"43":0,"44":0,"45":0,"46":0,"47":0,"48":1,"50":6,"51":6,"53":6,"54":6,"55":6,"57":6,"58":6,"59":6,"60":6,"61":6,"63":6,"64":6,"67":6,"68":6,"69":6,"70":6,"71":6,"72":6,"73":6,"74":6,"75":6,"76":6,"77":6,"78":6,"79":6,"80":6,"81":6,"82":6,"83":6,"84":6,"85":6,"86":6,"87":6,"88":6,"89":6,"90":6,"91":6,"92":6,"93":6,"96":6,"97":6,"99":6,"100":6,"102":6,"103":6,"104":6,"105":6,"107":6,"109":6,"110":6,"111":6,"112":6,"113":6,"115":6,"117":1},"branchMap":{"0":{"type":"branch","line":5,"loc":{"start":{"line":5,"column":0},"end":{"line":116,"column":1}},"locations":[{"start":{"line":5,"column":0},"end":{"line":116,"column":1}}]},"1":{"type":"branch","line":110,"loc":{"start":{"line":110,"column":11},"end":{"line":110,"column":83}},"locations":[{"start":{"line":110,"column":11},"end":{"line":110,"column":83}}]},"2":{"type":"branch","line":111,"loc":{"start":{"line":111,"column":11},"end":{"line":111,"column":77}},"locations":[{"start":{"line":111,"column":11},"end":{"line":111,"column":77}}]},"3":{"type":"branch","line":15,"loc":{"start":{"line":15,"column":23},"end":{"line":20,"column":4}},"locations":[{"start":{"line":15,"column":23},"end":{"line":20,"column":4}}]},"4":{"type":"branch","line":22,"loc":{"start":{"line":22,"column":23},"end":{"line":49,"column":4}},"locations":[{"start":{"line":22,"column":23},"end":{"line":49,"column":4}}]},"5":{"type":"branch","line":37,"loc":{"start":{"line":37,"column":52},"end":{"line":39,"column":17}},"locations":[{"start":{"line":37,"column":52},"end":{"line":39,"column":17}}]},"6":{"type":"branch","line":42,"loc":{"start":{"line":42,"column":4},"end":{"line":48,"column":5}},"locations":[{"start":{"line":42,"column":4},"end":{"line":48,"column":5}}]}},"b":{"0":[6],"1":[1],"2":[0],"3":[2],"4":[1],"5":[0],"6":[0]},"fnMap":{"0":{"name":"InicioSesion","decl":{"start":{"line":5,"column":0},"end":{"line":116,"column":1}},"loc":{"start":{"line":5,"column":0},"end":{"line":116,"column":1}},"line":5},"1":{"name":"handleChange","decl":{"start":{"line":15,"column":23},"end":{"line":20,"column":4}},"loc":{"start":{"line":15,"column":23},"end":{"line":20,"column":4}},"line":15},"2":{"name":"handleSubmit","decl":{"start":{"line":22,"column":23},"end":{"line":49,"column":4}},"loc":{"start":{"line":22,"column":23},"end":{"line":49,"column":4}},"line":22},"3":{"name":"onClick","decl":{"start":{"line":60,"column":19},"end":{"line":60,"column":57}},"loc":{"start":{"line":60,"column":19},"end":{"line":60,"column":57}},"line":60}},"f":{"0":6,"1":2,"2":1,"3":0}}
,"C:\\Users\\Danil\\OneDrive\\Escritorio\\bolsa_trabajo_front\\worknet\\src\\components\\Navbar.jsx": {"path":"C:\\Users\\Danil\\OneDrive\\Escritorio\\bolsa_trabajo_front\\worknet\\src\\components\\Navbar.jsx","all":false,"statementMap":{"0":{"start":{"line":1,"column":0},"end":{"line":1,"column":40}},"2":{"start":{"line":3,"column":0},"end":{"line":3,"column":19}},"3":{"start":{"line":4,"column":0},"end":{"line":4,"column":10}},"4":{"start":{"line":5,"column":0},"end":{"line":5,"column":84}},"5":{"start":{"line":6,"column":0},"end":{"line":6,"column":66}},"6":{"start":{"line":7,"column":0},"end":{"line":7,"column":33}},"7":{"start":{"line":8,"column":0},"end":{"line":8,"column":12}},"8":{"start":{"line":9,"column":0},"end":{"line":9,"column":78}},"10":{"start":{"line":11,"column":0},"end":{"line":11,"column":17}},"11":{"start":{"line":12,"column":0},"end":{"line":12,"column":13}},"12":{"start":{"line":13,"column":0},"end":{"line":13,"column":12}},"13":{"start":{"line":14,"column":0},"end":{"line":14,"column":96}},"15":{"start":{"line":16,"column":0},"end":{"line":16,"column":17}},"16":{"start":{"line":17,"column":0},"end":{"line":17,"column":13}},"17":{"start":{"line":18,"column":0},"end":{"line":18,"column":12}},"18":{"start":{"line":19,"column":0},"end":{"line":19,"column":94}},"20":{"start":{"line":21,"column":0},"end":{"line":21,"column":17}},"21":{"start":{"line":22,"column":0},"end":{"line":22,"column":13}},"22":{"start":{"line":23,"column":0},"end":{"line":23,"column":11}},"23":{"start":{"line":24,"column":0},"end":{"line":24,"column":10}},"25":{"start":{"line":26,"column":0},"end":{"line":26,"column":1}},"27":{"start":{"line":28,"column":0},"end":{"line":28,"column":22}}},"s":{"0":1,"2":1,"3":1,"4":1,"5":1,"6":1,"7":1,"8":1,"10":1,"11":1,"12":1,"13":1,"15":1,"16":1,"17":1,"18":1,"20":1,"21":1,"22":1,"23":1,"25":1,"27":1},"branchMap":{"0":{"type":"branch","line":3,"loc":{"start":{"line":3,"column":0},"end":{"line":26,"column":1}},"locations":[{"start":{"line":3,"column":0},"end":{"line":26,"column":1}}]}},"b":{"0":[1]},"fnMap":{"0":{"name":"Navbar","decl":{"start":{"line":3,"column":0},"end":{"line":26,"column":1}},"loc":{"start":{"line":3,"column":0},"end":{"line":26,"column":1}},"line":3}},"f":{"0":1}}
,"C:\\Users\\Danil\\OneDrive\\Escritorio\\bolsa_trabajo_front\\worknet\\src\\components\\PerfilCandidato.jsx": {"path":"C:\\Users\\Danil\\OneDrive\\Escritorio\\bolsa_trabajo_front\\worknet\\src\\components\\PerfilCandidato.jsx","all":false,"statementMap":{"0":{"start":{"line":1,"column":0},"end":{"line":1,"column":44}},"1":{"start":{"line":2,"column":0},"end":{"line":2,"column":26}},"3":{"start":{"line":4,"column":0},"end":{"line":4,"column":43}},"4":{"start":{"line":5,"column":0},"end":{"line":5,"column":44}},"5":{"start":{"line":6,"column":0},"end":{"line":6,"column":20}},"6":{"start":{"line":7,"column":0},"end":{"line":7,"column":18}},"7":{"start":{"line":8,"column":0},"end":{"line":8,"column":20}},"8":{"start":{"line":9,"column":0},"end":{"line":9,"column":20}},"9":{"start":{"line":10,"column":0},"end":{"line":10,"column":15}},"10":{"start":{"line":11,"column":0},"end":{"line":11,"column":20}},"11":{"start":{"line":12,"column":0},"end":{"line":12,"column":5}},"13":{"start":{"line":14,"column":0},"end":{"line":14,"column":45}},"14":{"start":{"line":15,"column":0},"end":{"line":15,"column":41}},"15":{"start":{"line":16,"column":0},"end":{"line":16,"column":41}},"16":{"start":{"line":17,"column":0},"end":{"line":17,"column":61}},"18":{"start":{"line":19,"column":0},"end":{"line":19,"column":19}},"19":{"start":{"line":20,"column":0},"end":{"line":20,"column":54}},"20":{"start":{"line":21,"column":0},"end":{"line":21,"column":22}},"21":{"start":{"line":22,"column":0},"end":{"line":22,"column":28}},"22":{"start":{"line":23,"column":0},"end":{"line":23,"column":5}},"23":{"start":{"line":24,"column":0},"end":{"line":24,"column":9}},"25":{"start":{"line":26,"column":0},"end":{"line":26,"column":31}},"26":{"start":{"line":27,"column":0},"end":{"line":27,"column":44}},"27":{"start":{"line":28,"column":0},"end":{"line":28,"column":32}},"28":{"start":{"line":29,"column":0},"end":{"line":29,"column":18}},"29":{"start":{"line":30,"column":0},"end":{"line":30,"column":38}},"30":{"start":{"line":31,"column":0},"end":{"line":31,"column":8}},"32":{"start":{"line":33,"column":0},"end":{"line":33,"column":41}},"33":{"start":{"line":34,"column":0},"end":{"line":34,"column":74}},"34":{"start":{"line":35,"column":0},"end":{"line":35,"column":5}},"35":{"start":{"line":36,"column":0},"end":{"line":36,"column":4}},"37":{"start":{"line":38,"column":0},"end":{"line":38,"column":35}},"38":{"start":{"line":39,"column":0},"end":{"line":39,"column":88}},"39":{"start":{"line":40,"column":0},"end":{"line":40,"column":73}},"40":{"start":{"line":41,"column":0},"end":{"line":41,"column":34}},"41":{"start":{"line":42,"column":0},"end":{"line":42,"column":34}},"42":{"start":{"line":43,"column":0},"end":{"line":43,"column":4}},"44":{"start":{"line":45,"column":0},"end":{"line":45,"column":37}},"45":{"start":{"line":46,"column":0},"end":{"line":46,"column":23}},"46":{"start":{"line":47,"column":0},"end":{"line":47,"column":19}},"47":{"start":{"line":48,"column":0},"end":{"line":48,"column":17}},"49":{"start":{"line":50,"column":0},"end":{"line":50,"column":31}},"50":{"start":{"line":51,"column":0},"end":{"line":51,"column":81}},"51":{"start":{"line":52,"column":0},"end":{"line":52,"column":13}},"52":{"start":{"line":53,"column":0},"end":{"line":53,"column":5}},"54":{"start":{"line":55,"column":0},"end":{"line":55,"column":17}},"55":{"start":{"line":56,"column":0},"end":{"line":56,"column":114}},"56":{"start":{"line":57,"column":0},"end":{"line":57,"column":13}},"57":{"start":{"line":58,"column":0},"end":{"line":58,"column":5}},"59":{"start":{"line":60,"column":0},"end":{"line":60,"column":32}},"60":{"start":{"line":61,"column":0},"end":{"line":61,"column":33}},"61":{"start":{"line":62,"column":0},"end":{"line":62,"column":57}},"62":{"start":{"line":63,"column":0},"end":{"line":63,"column":5}},"64":{"start":{"line":65,"column":0},"end":{"line":65,"column":9}},"65":{"start":{"line":66,"column":0},"end":{"line":66,"column":40}},"66":{"start":{"line":67,"column":0},"end":{"line":67,"column":61}},"67":{"start":{"line":68,"column":0},"end":{"line":68,"column":13}},"68":{"start":{"line":69,"column":0},"end":{"line":69,"column":9}},"69":{"start":{"line":70,"column":0},"end":{"line":70,"column":20}},"70":{"start":{"line":71,"column":0},"end":{"line":71,"column":46}},"71":{"start":{"line":72,"column":0},"end":{"line":72,"column":49}},"72":{"start":{"line":73,"column":0},"end":{"line":73,"column":11}},"73":{"start":{"line":74,"column":0},"end":{"line":74,"column":9}},"74":{"start":{"line":75,"column":0},"end":{"line":75,"column":8}},"75":{"start":{"line":76,"column":0},"end":{"line":76,"column":76}},"76":{"start":{"line":77,"column":0},"end":{"line":77,"column":19}},"77":{"start":{"line":78,"column":0},"end":{"line":78,"column":25}},"78":{"start":{"line":79,"column":0},"end":{"line":79,"column":41}},"79":{"start":{"line":80,"column":0},"end":{"line":80,"column":80}},"80":{"start":{"line":81,"column":0},"end":{"line":81,"column":38}},"81":{"start":{"line":82,"column":0},"end":{"line":82,"column":107}},"82":{"start":{"line":83,"column":0},"end":{"line":83,"column":14}},"83":{"start":{"line":84,"column":0},"end":{"line":84,"column":96}},"84":{"start":{"line":85,"column":0},"end":{"line":85,"column":7}},"85":{"start":{"line":86,"column":0},"end":{"line":86,"column":5}},"86":{"start":{"line":87,"column":0},"end":{"line":87,"column":4}},"88":{"start":{"line":89,"column":0},"end":{"line":89,"column":10}},"89":{"start":{"line":90,"column":0},"end":{"line":90,"column":43}},"90":{"start":{"line":91,"column":0},"end":{"line":91,"column":49}},"92":{"start":{"line":93,"column":0},"end":{"line":93,"column":54}},"93":{"start":{"line":94,"column":0},"end":{"line":94,"column":78}},"95":{"start":{"line":96,"column":0},"end":{"line":96,"column":111}},"96":{"start":{"line":97,"column":0},"end":{"line":97,"column":96}},"98":{"start":{"line":99,"column":0},"end":{"line":99,"column":21}},"99":{"start":{"line":100,"column":0},"end":{"line":100,"column":31}},"100":{"start":{"line":101,"column":0},"end":{"line":101,"column":28}},"101":{"start":{"line":102,"column":0},"end":{"line":102,"column":28}},"102":{"start":{"line":103,"column":0},"end":{"line":103,"column":40}},"103":{"start":{"line":104,"column":0},"end":{"line":104,"column":35}},"104":{"start":{"line":105,"column":0},"end":{"line":105,"column":32}},"105":{"start":{"line":106,"column":0},"end":{"line":106,"column":16}},"106":{"start":{"line":107,"column":0},"end":{"line":107,"column":20}},"107":{"start":{"line":108,"column":0},"end":{"line":108,"column":16}},"109":{"start":{"line":110,"column":0},"end":{"line":110,"column":32}},"110":{"start":{"line":111,"column":0},"end":{"line":111,"column":72}},"112":{"start":{"line":113,"column":0},"end":{"line":113,"column":103}},"113":{"start":{"line":114,"column":0},"end":{"line":114,"column":20}},"114":{"start":{"line":115,"column":0},"end":{"line":115,"column":21}},"115":{"start":{"line":116,"column":0},"end":{"line":116,"column":30}},"116":{"start":{"line":117,"column":0},"end":{"line":117,"column":32}},"117":{"start":{"line":118,"column":0},"end":{"line":118,"column":42}},"118":{"start":{"line":119,"column":0},"end":{"line":119,"column":37}},"119":{"start":{"line":120,"column":0},"end":{"line":120,"column":140}},"120":{"start":{"line":121,"column":0},"end":{"line":121,"column":22}},"121":{"start":{"line":122,"column":0},"end":{"line":122,"column":14}},"122":{"start":{"line":123,"column":0},"end":{"line":123,"column":16}},"123":{"start":{"line":124,"column":0},"end":{"line":124,"column":14}},"126":{"start":{"line":127,"column":0},"end":{"line":127,"column":55}},"127":{"start":{"line":128,"column":0},"end":{"line":128,"column":32}},"128":{"start":{"line":129,"column":0},"end":{"line":129,"column":70}},"130":{"start":{"line":131,"column":0},"end":{"line":131,"column":101}},"131":{"start":{"line":132,"column":0},"end":{"line":132,"column":20}},"132":{"start":{"line":133,"column":0},"end":{"line":133,"column":21}},"133":{"start":{"line":134,"column":0},"end":{"line":134,"column":28}},"134":{"start":{"line":135,"column":0},"end":{"line":135,"column":30}},"135":{"start":{"line":136,"column":0},"end":{"line":136,"column":40}},"136":{"start":{"line":137,"column":0},"end":{"line":137,"column":37}},"137":{"start":{"line":138,"column":0},"end":{"line":138,"column":138}},"138":{"start":{"line":139,"column":0},"end":{"line":139,"column":22}},"139":{"start":{"line":140,"column":0},"end":{"line":140,"column":14}},"140":{"start":{"line":141,"column":0},"end":{"line":141,"column":16}},"142":{"start":{"line":143,"column":0},"end":{"line":143,"column":32}},"143":{"start":{"line":144,"column":0},"end":{"line":144,"column":72}},"145":{"start":{"line":146,"column":0},"end":{"line":146,"column":103}},"146":{"start":{"line":147,"column":0},"end":{"line":147,"column":20}},"147":{"start":{"line":148,"column":0},"end":{"line":148,"column":21}},"148":{"start":{"line":149,"column":0},"end":{"line":149,"column":30}},"149":{"start":{"line":150,"column":0},"end":{"line":150,"column":32}},"150":{"start":{"line":151,"column":0},"end":{"line":151,"column":42}},"151":{"start":{"line":152,"column":0},"end":{"line":152,"column":37}},"152":{"start":{"line":153,"column":0},"end":{"line":153,"column":140}},"153":{"start":{"line":154,"column":0},"end":{"line":154,"column":22}},"154":{"start":{"line":155,"column":0},"end":{"line":155,"column":14}},"155":{"start":{"line":156,"column":0},"end":{"line":156,"column":16}},"157":{"start":{"line":158,"column":0},"end":{"line":158,"column":32}},"158":{"start":{"line":159,"column":0},"end":{"line":159,"column":72}},"160":{"start":{"line":161,"column":0},"end":{"line":161,"column":58}},"161":{"start":{"line":162,"column":0},"end":{"line":162,"column":20}},"162":{"start":{"line":163,"column":0},"end":{"line":163,"column":21}},"163":{"start":{"line":164,"column":0},"end":{"line":164,"column":30}},"164":{"start":{"line":165,"column":0},"end":{"line":165,"column":32}},"165":{"start":{"line":166,"column":0},"end":{"line":166,"column":42}},"166":{"start":{"line":167,"column":0},"end":{"line":167,"column":37}},"167":{"start":{"line":168,"column":0},"end":{"line":168,"column":140}},"168":{"start":{"line":169,"column":0},"end":{"line":169,"column":22}},"169":{"start":{"line":170,"column":0},"end":{"line":170,"column":14}},"170":{"start":{"line":171,"column":0},"end":{"line":171,"column":16}},"172":{"start":{"line":173,"column":0},"end":{"line":173,"column":32}},"173":{"start":{"line":174,"column":0},"end":{"line":174,"column":77}},"175":{"start":{"line":176,"column":0},"end":{"line":176,"column":20}},"176":{"start":{"line":177,"column":0},"end":{"line":177,"column":19}},"177":{"start":{"line":178,"column":0},"end":{"line":178,"column":27}},"178":{"start":{"line":179,"column":0},"end":{"line":179,"column":81}},"179":{"start":{"line":180,"column":0},"end":{"line":180,"column":97}},"180":{"start":{"line":181,"column":0},"end":{"line":181,"column":13}},"182":{"start":{"line":183,"column":0},"end":{"line":183,"column":21}},"183":{"start":{"line":184,"column":0},"end":{"line":184,"column":18}},"184":{"start":{"line":185,"column":0},"end":{"line":185,"column":35}},"185":{"start":{"line":186,"column":0},"end":{"line":186,"column":25}},"186":{"start":{"line":187,"column":0},"end":{"line":187,"column":31}},"187":{"start":{"line":188,"column":0},"end":{"line":188,"column":37}},"188":{"start":{"line":189,"column":0},"end":{"line":189,"column":32}},"189":{"start":{"line":190,"column":0},"end":{"line":190,"column":38}},"190":{"start":{"line":191,"column":0},"end":{"line":191,"column":14}},"191":{"start":{"line":192,"column":0},"end":{"line":192,"column":37}},"192":{"start":{"line":193,"column":0},"end":{"line":193,"column":60}},"193":{"start":{"line":194,"column":0},"end":{"line":194,"column":42}},"194":{"start":{"line":195,"column":0},"end":{"line":195,"column":21}},"196":{"start":{"line":197,"column":0},"end":{"line":197,"column":16}},"198":{"start":{"line":199,"column":0},"end":{"line":199,"column":50}},"199":{"start":{"line":200,"column":0},"end":{"line":200,"column":56}},"200":{"start":{"line":201,"column":0},"end":{"line":201,"column":19}},"201":{"start":{"line":202,"column":0},"end":{"line":202,"column":27}},"202":{"start":{"line":203,"column":0},"end":{"line":203,"column":36}},"203":{"start":{"line":204,"column":0},"end":{"line":204,"column":106}},"204":{"start":{"line":205,"column":0},"end":{"line":205,"column":13}},"206":{"start":{"line":207,"column":0},"end":{"line":207,"column":21}},"207":{"start":{"line":208,"column":0},"end":{"line":208,"column":16}},"208":{"start":{"line":209,"column":0},"end":{"line":209,"column":14}},"209":{"start":{"line":210,"column":0},"end":{"line":210,"column":12}},"211":{"start":{"line":212,"column":0},"end":{"line":212,"column":19}},"212":{"start":{"line":213,"column":0},"end":{"line":213,"column":100}},"213":{"start":{"line":214,"column":0},"end":{"line":214,"column":26}},"214":{"start":{"line":215,"column":0},"end":{"line":215,"column":14}},"217":{"start":{"line":218,"column":0},"end":{"line":218,"column":17}},"218":{"start":{"line":219,"column":0},"end":{"line":219,"column":94}},"219":{"start":{"line":220,"column":0},"end":{"line":220,"column":24}},"220":{"start":{"line":221,"column":0},"end":{"line":221,"column":14}},"222":{"start":{"line":223,"column":0},"end":{"line":223,"column":10}},"224":{"start":{"line":225,"column":0},"end":{"line":225,"column":1}}},"s":{"0":1,"1":1,"3":7,"4":7,"5":7,"6":7,"7":7,"8":7,"9":7,"10":7,"11":7,"13":7,"14":7,"15":7,"16":7,"18":7,"19":2,"20":2,"21":0,"22":0,"23":7,"25":7,"26":4,"27":4,"28":4,"29":4,"30":4,"32":4,"33":0,"34":0,"35":4,"37":7,"38":1,"39":1,"40":1,"41":1,"42":1,"44":7,"45":1,"46":1,"47":1,"49":1,"50":0,"51":0,"52":0,"54":1,"55":1,"56":1,"57":1,"59":0,"60":0,"61":0,"62":0,"64":0,"65":0,"66":0,"67":0,"68":0,"69":0,"70":0,"71":0,"72":0,"73":0,"74":0,"75":0,"76":0,"77":0,"78":0,"79":0,"80":0,"81":0,"82":0,"83":0,"84":0,"85":0,"86":1,"88":7,"89":7,"90":7,"92":7,"93":7,"95":7,"96":7,"98":7,"99":7,"100":7,"101":7,"102":7,"103":7,"104":7,"105":7,"106":7,"107":7,"109":7,"110":7,"112":7,"113":7,"114":7,"115":7,"116":7,"117":7,"118":7,"119":7,"120":7,"121":7,"122":7,"123":7,"126":7,"127":7,"128":7,"130":7,"131":7,"132":7,"133":7,"134":7,"135":7,"136":7,"137":7,"138":7,"139":7,"140":7,"142":7,"143":7,"145":7,"146":7,"147":7,"148":7,"149":7,"150":7,"151":7,"152":7,"153":7,"154":7,"155":7,"157":7,"158":7,"160":7,"161":7,"162":7,"163":7,"164":7,"165":7,"166":7,"167":7,"168":7,"169":7,"170":7,"172":7,"173":7,"175":7,"176":7,"177":7,"178":7,"179":7,"180":7,"182":7,"183":7,"184":7,"185":7,"186":7,"187":7,"188":7,"189":7,"190":7,"191":7,"192":0,"193":0,"194":0,"196":7,"198":7,"199":7,"200":7,"201":7,"202":7,"203":7,"204":7,"206":7,"207":7,"208":7,"209":7,"211":7,"212":0,"213":0,"214":0,"217":7,"218":1,"219":1,"220":1,"222":7,"224":7},"branchMap":{"0":{"type":"branch","line":4,"loc":{"start":{"line":4,"column":0},"end":{"line":225,"column":1}},"locations":[{"start":{"line":4,"column":0},"end":{"line":225,"column":1}}]},"1":{"type":"branch","line":113,"loc":{"start":{"line":113,"column":53},"end":{"line":113,"column":103}},"locations":[{"start":{"line":113,"column":53},"end":{"line":113,"column":103}}]},"2":{"type":"branch","line":120,"loc":{"start":{"line":120,"column":80},"end":{"line":120,"column":103}},"locations":[{"start":{"line":120,"column":80},"end":{"line":120,"column":103}}]},"3":{"type":"branch","line":131,"loc":{"start":{"line":131,"column":51},"end":{"line":131,"column":101}},"locations":[{"start":{"line":131,"column":51},"end":{"line":131,"column":101}}]},"4":{"type":"branch","line":138,"loc":{"start":{"line":138,"column":78},"end":{"line":138,"column":101}},"locations":[{"start":{"line":138,"column":78},"end":{"line":138,"column":101}}]},"5":{"type":"branch","line":146,"loc":{"start":{"line":146,"column":53},"end":{"line":146,"column":103}},"locations":[{"start":{"line":146,"column":53},"end":{"line":146,"column":103}}]},"6":{"type":"branch","line":153,"loc":{"start":{"line":153,"column":80},"end":{"line":153,"column":103}},"locations":[{"start":{"line":153,"column":80},"end":{"line":153,"column":103}}]},"7":{"type":"branch","line":168,"loc":{"start":{"line":168,"column":80},"end":{"line":168,"column":103}},"locations":[{"start":{"line":168,"column":80},"end":{"line":168,"column":103}}]},"8":{"type":"branch","line":192,"loc":{"start":{"line":192,"column":22},"end":{"line":195,"column":21}},"locations":[{"start":{"line":192,"column":22},"end":{"line":195,"column":21}}]},"9":{"type":"branch","line":212,"loc":{"start":{"line":212,"column":7},"end":{"line":215,"column":14}},"locations":[{"start":{"line":212,"column":7},"end":{"line":215,"column":14}}]},"10":{"type":"branch","line":218,"loc":{"start":{"line":218,"column":7},"end":{"line":221,"column":14}},"locations":[{"start":{"line":218,"column":7},"end":{"line":221,"column":14}}]},"11":{"type":"branch","line":19,"loc":{"start":{"line":19,"column":12},"end":{"line":24,"column":5}},"locations":[{"start":{"line":19,"column":12},"end":{"line":24,"column":5}}]},"12":{"type":"branch","line":21,"loc":{"start":{"line":21,"column":21},"end":{"line":23,"column":5}},"locations":[{"start":{"line":21,"column":21},"end":{"line":23,"column":5}}]},"13":{"type":"branch","line":26,"loc":{"start":{"line":26,"column":23},"end":{"line":36,"column":4}},"locations":[{"start":{"line":26,"column":23},"end":{"line":36,"column":4}}]},"14":{"type":"branch","line":33,"loc":{"start":{"line":33,"column":40},"end":{"line":35,"column":5}},"locations":[{"start":{"line":33,"column":40},"end":{"line":35,"column":5}}]},"15":{"type":"branch","line":28,"loc":{"start":{"line":28,"column":16},"end":{"line":31,"column":6}},"locations":[{"start":{"line":28,"column":16},"end":{"line":31,"column":6}}]},"16":{"type":"branch","line":30,"loc":{"start":{"line":30,"column":14},"end":{"line":30,"column":33}},"locations":[{"start":{"line":30,"column":14},"end":{"line":30,"column":33}}]},"17":{"type":"branch","line":38,"loc":{"start":{"line":38,"column":28},"end":{"line":43,"column":4}},"locations":[{"start":{"line":38,"column":28},"end":{"line":43,"column":4}}]},"18":{"type":"branch","line":40,"loc":{"start":{"line":40,"column":46},"end":{"line":40,"column":71}},"locations":[{"start":{"line":40,"column":46},"end":{"line":40,"column":71}}]},"19":{"type":"branch","line":45,"loc":{"start":{"line":45,"column":23},"end":{"line":87,"column":4}},"locations":[{"start":{"line":45,"column":23},"end":{"line":87,"column":4}}]},"20":{"type":"branch","line":50,"loc":{"start":{"line":50,"column":30},"end":{"line":53,"column":5}},"locations":[{"start":{"line":50,"column":30},"end":{"line":53,"column":5}}]},"21":{"type":"branch","line":58,"loc":{"start":{"line":58,"column":4},"end":{"line":86,"column":5}},"locations":[{"start":{"line":58,"column":4},"end":{"line":86,"column":5}}]}},"b":{"0":[7],"1":[0],"2":[0],"3":[0],"4":[0],"5":[0],"6":[0],"7":[0],"8":[0],"9":[0],"10":[1],"11":[2],"12":[0],"13":[4],"14":[0],"15":[4],"16":[0],"17":[1],"18":[4],"19":[1],"20":[0],"21":[0]},"fnMap":{"0":{"name":"PerfilCandidato","decl":{"start":{"line":4,"column":0},"end":{"line":225,"column":1}},"loc":{"start":{"line":4,"column":0},"end":{"line":225,"column":1}},"line":4},"1":{"name":"handleChange","decl":{"start":{"line":26,"column":23},"end":{"line":36,"column":4}},"loc":{"start":{"line":26,"column":23},"end":{"line":36,"column":4}},"line":26},"2":{"name":"validarFormulario","decl":{"start":{"line":38,"column":28},"end":{"line":43,"column":4}},"loc":{"start":{"line":38,"column":28},"end":{"line":43,"column":4}},"line":38},"3":{"name":"handleSubmit","decl":{"start":{"line":45,"column":23},"end":{"line":87,"column":4}},"loc":{"start":{"line":45,"column":23},"end":{"line":87,"column":4}},"line":45},"4":{"name":"onClick","decl":{"start":{"line":179,"column":23},"end":{"line":179,"column":81}},"loc":{"start":{"line":179,"column":23},"end":{"line":179,"column":81}},"line":179}},"f":{"0":7,"1":4,"2":1,"3":1,"4":0}}
,"C:\\Users\\Danil\\OneDrive\\Escritorio\\bolsa_trabajo_front\\worknet\\src\\components\\PerfilEmpresa.jsx": {"path":"C:\\Users\\Danil\\OneDrive\\Escritorio\\bolsa_trabajo_front\\worknet\\src\\components\\PerfilEmpresa.jsx","all":false,"statementMap":{"0":{"start":{"line":1,"column":0},"end":{"line":1,"column":33}},"1":{"start":{"line":2,"column":0},"end":{"line":2,"column":34}},"3":{"start":{"line":4,"column":0},"end":{"line":4,"column":41}},"4":{"start":{"line":5,"column":0},"end":{"line":5,"column":44}},"5":{"start":{"line":6,"column":0},"end":{"line":6,"column":15}},"6":{"start":{"line":7,"column":0},"end":{"line":7,"column":20}},"7":{"start":{"line":8,"column":0},"end":{"line":8,"column":24}},"8":{"start":{"line":9,"column":0},"end":{"line":9,"column":17}},"9":{"start":{"line":10,"column":0},"end":{"line":10,"column":18}},"10":{"start":{"line":11,"column":0},"end":{"line":11,"column":15}},"11":{"start":{"line":12,"column":0},"end":{"line":12,"column":15}},"12":{"start":{"line":13,"column":0},"end":{"line":13,"column":18}},"13":{"start":{"line":14,"column":0},"end":{"line":14,"column":5}},"15":{"start":{"line":16,"column":0},"end":{"line":16,"column":45}},"16":{"start":{"line":17,"column":0},"end":{"line":17,"column":41}},"18":{"start":{"line":19,"column":0},"end":{"line":19,"column":31}},"19":{"start":{"line":20,"column":0},"end":{"line":20,"column":44}},"20":{"start":{"line":21,"column":0},"end":{"line":21,"column":17}},"21":{"start":{"line":22,"column":0},"end":{"line":22,"column":18}},"22":{"start":{"line":23,"column":0},"end":{"line":23,"column":39}},"23":{"start":{"line":24,"column":0},"end":{"line":24,"column":7}},"24":{"start":{"line":25,"column":0},"end":{"line":25,"column":4}},"26":{"start":{"line":27,"column":0},"end":{"line":27,"column":37}},"27":{"start":{"line":28,"column":0},"end":{"line":28,"column":23}},"28":{"start":{"line":29,"column":0},"end":{"line":29,"column":19}},"29":{"start":{"line":30,"column":0},"end":{"line":30,"column":17}},"31":{"start":{"line":32,"column":0},"end":{"line":32,"column":32}},"32":{"start":{"line":33,"column":0},"end":{"line":33,"column":56}},"33":{"start":{"line":34,"column":0},"end":{"line":34,"column":30}},"34":{"start":{"line":35,"column":0},"end":{"line":35,"column":7}},"36":{"start":{"line":37,"column":0},"end":{"line":37,"column":9}},"37":{"start":{"line":38,"column":0},"end":{"line":38,"column":72}},"38":{"start":{"line":39,"column":0},"end":{"line":39,"column":18}},"39":{"start":{"line":40,"column":0},"end":{"line":40,"column":48}},"40":{"start":{"line":41,"column":0},"end":{"line":41,"column":10}},"41":{"start":{"line":42,"column":0},"end":{"line":42,"column":9}},"42":{"start":{"line":43,"column":0},"end":{"line":43,"column":40}},"43":{"start":{"line":44,"column":0},"end":{"line":44,"column":19}},"44":{"start":{"line":45,"column":0},"end":{"line":45,"column":64}},"45":{"start":{"line":46,"column":0},"end":{"line":46,"column":5}},"46":{"start":{"line":47,"column":0},"end":{"line":47,"column":4}},"48":{"start":{"line":49,"column":0},"end":{"line":49,"column":10}},"49":{"start":{"line":50,"column":0},"end":{"line":50,"column":47}},"50":{"start":{"line":51,"column":0},"end":{"line":51,"column":66}},"51":{"start":{"line":52,"column":0},"end":{"line":52,"column":30}},"52":{"start":{"line":53,"column":0},"end":{"line":53,"column":81}},"53":{"start":{"line":54,"column":0},"end":{"line":54,"column":14}},"55":{"start":{"line":56,"column":0},"end":{"line":56,"column":49}},"56":{"start":{"line":57,"column":0},"end":{"line":57,"column":38}},"57":{"start":{"line":58,"column":0},"end":{"line":58,"column":34}},"58":{"start":{"line":59,"column":0},"end":{"line":59,"column":154}},"59":{"start":{"line":60,"column":0},"end":{"line":60,"column":80}},"60":{"start":{"line":61,"column":0},"end":{"line":61,"column":22}},"61":{"start":{"line":62,"column":0},"end":{"line":62,"column":27}},"62":{"start":{"line":63,"column":0},"end":{"line":63,"column":29}},"63":{"start":{"line":64,"column":0},"end":{"line":64,"column":29}},"64":{"start":{"line":65,"column":0},"end":{"line":65,"column":34}},"65":{"start":{"line":66,"column":0},"end":{"line":66,"column":41}},"66":{"start":{"line":67,"column":0},"end":{"line":67,"column":36}},"67":{"start":{"line":68,"column":0},"end":{"line":68,"column":18}},"68":{"start":{"line":69,"column":0},"end":{"line":69,"column":22}},"69":{"start":{"line":70,"column":0},"end":{"line":70,"column":18}},"71":{"start":{"line":72,"column":0},"end":{"line":72,"column":34}},"72":{"start":{"line":73,"column":0},"end":{"line":73,"column":111}},"73":{"start":{"line":74,"column":0},"end":{"line":74,"column":23}},"74":{"start":{"line":75,"column":0},"end":{"line":75,"column":32}},"75":{"start":{"line":76,"column":0},"end":{"line":76,"column":34}},"76":{"start":{"line":77,"column":0},"end":{"line":77,"column":44}},"77":{"start":{"line":78,"column":0},"end":{"line":78,"column":39}},"78":{"start":{"line":79,"column":0},"end":{"line":79,"column":77}},"79":{"start":{"line":80,"column":0},"end":{"line":80,"column":24}},"80":{"start":{"line":81,"column":0},"end":{"line":81,"column":16}},"81":{"start":{"line":82,"column":0},"end":{"line":82,"column":18}},"82":{"start":{"line":83,"column":0},"end":{"line":83,"column":16}},"84":{"start":{"line":85,"column":0},"end":{"line":85,"column":38}},"85":{"start":{"line":86,"column":0},"end":{"line":86,"column":34}},"86":{"start":{"line":87,"column":0},"end":{"line":87,"column":122}},"87":{"start":{"line":88,"column":0},"end":{"line":88,"column":20}},"88":{"start":{"line":89,"column":0},"end":{"line":89,"column":36}},"89":{"start":{"line":90,"column":0},"end":{"line":90,"column":28}},"90":{"start":{"line":91,"column":0},"end":{"line":91,"column":38}},"91":{"start":{"line":92,"column":0},"end":{"line":92,"column":48}},"92":{"start":{"line":93,"column":0},"end":{"line":93,"column":39}},"93":{"start":{"line":94,"column":0},"end":{"line":94,"column":83}},"94":{"start":{"line":95,"column":0},"end":{"line":95,"column":24}},"95":{"start":{"line":96,"column":0},"end":{"line":96,"column":16}},"96":{"start":{"line":97,"column":0},"end":{"line":97,"column":18}},"98":{"start":{"line":99,"column":0},"end":{"line":99,"column":34}},"99":{"start":{"line":100,"column":0},"end":{"line":100,"column":105}},"100":{"start":{"line":101,"column":0},"end":{"line":101,"column":20}},"101":{"start":{"line":102,"column":0},"end":{"line":102,"column":29}},"102":{"start":{"line":103,"column":0},"end":{"line":103,"column":27}},"103":{"start":{"line":104,"column":0},"end":{"line":104,"column":31}},"104":{"start":{"line":105,"column":0},"end":{"line":105,"column":41}},"105":{"start":{"line":106,"column":0},"end":{"line":106,"column":39}},"106":{"start":{"line":107,"column":0},"end":{"line":107,"column":83}},"107":{"start":{"line":108,"column":0},"end":{"line":108,"column":16}},"108":{"start":{"line":109,"column":0},"end":{"line":109,"column":18}},"110":{"start":{"line":111,"column":0},"end":{"line":111,"column":34}},"111":{"start":{"line":112,"column":0},"end":{"line":112,"column":107}},"112":{"start":{"line":113,"column":0},"end":{"line":113,"column":20}},"113":{"start":{"line":114,"column":0},"end":{"line":114,"column":30}},"114":{"start":{"line":115,"column":0},"end":{"line":115,"column":27}},"115":{"start":{"line":116,"column":0},"end":{"line":116,"column":32}},"116":{"start":{"line":117,"column":0},"end":{"line":117,"column":42}},"117":{"start":{"line":118,"column":0},"end":{"line":118,"column":39}},"118":{"start":{"line":119,"column":0},"end":{"line":119,"column":83}},"119":{"start":{"line":120,"column":0},"end":{"line":120,"column":16}},"120":{"start":{"line":121,"column":0},"end":{"line":121,"column":18}},"122":{"start":{"line":123,"column":0},"end":{"line":123,"column":34}},"123":{"start":{"line":124,"column":0},"end":{"line":124,"column":115}},"124":{"start":{"line":125,"column":0},"end":{"line":125,"column":21}},"125":{"start":{"line":126,"column":0},"end":{"line":126,"column":27}},"126":{"start":{"line":127,"column":0},"end":{"line":127,"column":29}},"127":{"start":{"line":128,"column":0},"end":{"line":128,"column":39}},"128":{"start":{"line":129,"column":0},"end":{"line":129,"column":39}},"129":{"start":{"line":130,"column":0},"end":{"line":130,"column":82}},"130":{"start":{"line":131,"column":0},"end":{"line":131,"column":24}},"132":{"start":{"line":133,"column":0},"end":{"line":133,"column":62}},"133":{"start":{"line":134,"column":0},"end":{"line":134,"column":62}},"134":{"start":{"line":135,"column":0},"end":{"line":135,"column":52}},"135":{"start":{"line":136,"column":0},"end":{"line":136,"column":58}},"136":{"start":{"line":137,"column":0},"end":{"line":137,"column":60}},"137":{"start":{"line":138,"column":0},"end":{"line":138,"column":23}},"138":{"start":{"line":139,"column":0},"end":{"line":139,"column":18}},"140":{"start":{"line":141,"column":0},"end":{"line":141,"column":34}},"141":{"start":{"line":142,"column":0},"end":{"line":142,"column":115}},"142":{"start":{"line":143,"column":0},"end":{"line":143,"column":21}},"143":{"start":{"line":144,"column":0},"end":{"line":144,"column":27}},"144":{"start":{"line":145,"column":0},"end":{"line":145,"column":29}},"145":{"start":{"line":146,"column":0},"end":{"line":146,"column":39}},"146":{"start":{"line":147,"column":0},"end":{"line":147,"column":39}},"147":{"start":{"line":148,"column":0},"end":{"line":148,"column":82}},"148":{"start":{"line":149,"column":0},"end":{"line":149,"column":24}},"150":{"start":{"line":151,"column":0},"end":{"line":151,"column":62}},"151":{"start":{"line":152,"column":0},"end":{"line":152,"column":56}},"152":{"start":{"line":153,"column":0},"end":{"line":153,"column":56}},"153":{"start":{"line":154,"column":0},"end":{"line":154,"column":54}},"154":{"start":{"line":155,"column":0},"end":{"line":155,"column":23}},"155":{"start":{"line":156,"column":0},"end":{"line":156,"column":18}},"157":{"start":{"line":158,"column":0},"end":{"line":158,"column":35}},"158":{"start":{"line":159,"column":0},"end":{"line":159,"column":107}},"159":{"start":{"line":160,"column":0},"end":{"line":160,"column":20}},"160":{"start":{"line":161,"column":0},"end":{"line":161,"column":30}},"161":{"start":{"line":162,"column":0},"end":{"line":162,"column":26}},"162":{"start":{"line":163,"column":0},"end":{"line":163,"column":32}},"163":{"start":{"line":164,"column":0},"end":{"line":164,"column":42}},"164":{"start":{"line":165,"column":0},"end":{"line":165,"column":39}},"165":{"start":{"line":166,"column":0},"end":{"line":166,"column":83}},"166":{"start":{"line":167,"column":0},"end":{"line":167,"column":16}},"167":{"start":{"line":168,"column":0},"end":{"line":168,"column":18}},"168":{"start":{"line":169,"column":0},"end":{"line":169,"column":16}},"169":{"start":{"line":170,"column":0},"end":{"line":170,"column":14}},"171":{"start":{"line":172,"column":0},"end":{"line":172,"column":50}},"172":{"start":{"line":173,"column":0},"end":{"line":173,"column":17}},"173":{"start":{"line":174,"column":0},"end":{"line":174,"column":25}},"174":{"start":{"line":175,"column":0},"end":{"line":175,"column":103}},"175":{"start":{"line":176,"column":0},"end":{"line":176,"column":11}},"177":{"start":{"line":178,"column":0},"end":{"line":178,"column":19}},"178":{"start":{"line":179,"column":0},"end":{"line":179,"column":14}},"180":{"start":{"line":181,"column":0},"end":{"line":181,"column":81}},"181":{"start":{"line":182,"column":0},"end":{"line":182,"column":75}},"182":{"start":{"line":183,"column":0},"end":{"line":183,"column":13}},"183":{"start":{"line":184,"column":0},"end":{"line":184,"column":10}},"185":{"start":{"line":186,"column":0},"end":{"line":186,"column":1}}},"s":{"0":1,"1":1,"3":10,"4":10,"5":10,"6":10,"7":10,"8":10,"9":10,"10":10,"11":10,"12":10,"13":10,"15":10,"16":10,"18":10,"19":7,"20":7,"21":7,"22":7,"23":7,"24":7,"26":10,"27":1,"28":1,"29":1,"31":1,"32":1,"33":8,"34":1,"36":1,"37":1,"38":1,"39":1,"40":1,"41":1,"42":0,"43":0,"44":0,"45":0,"46":1,"48":10,"49":10,"50":10,"51":10,"52":10,"53":10,"55":10,"56":10,"57":10,"58":10,"59":10,"60":10,"61":10,"62":10,"63":10,"64":10,"65":10,"66":10,"67":10,"68":10,"69":10,"71":10,"72":10,"73":10,"74":10,"75":10,"76":10,"77":10,"78":10,"79":10,"80":10,"81":10,"82":10,"84":10,"85":10,"86":10,"87":10,"88":10,"89":10,"90":10,"91":10,"92":10,"93":10,"94":10,"95":10,"96":10,"98":10,"99":10,"100":10,"101":10,"102":10,"103":10,"104":10,"105":10,"106":10,"107":10,"108":10,"110":10,"111":10,"112":10,"113":10,"114":10,"115":10,"116":10,"117":10,"118":10,"119":10,"120":10,"122":10,"123":10,"124":10,"125":10,"126":10,"127":10,"128":10,"129":10,"130":10,"132":10,"133":10,"134":10,"135":10,"136":10,"137":10,"138":10,"140":10,"141":10,"142":10,"143":10,"144":10,"145":10,"146":10,"147":10,"148":10,"150":10,"151":10,"152":10,"153":10,"154":10,"155":10,"157":10,"158":10,"159":10,"160":10,"161":10,"162":10,"163":10,"164":10,"165":10,"166":10,"167":10,"168":10,"169":10,"171":10,"172":10,"173":10,"174":10,"175":10,"177":10,"178":10,"180":10,"181":10,"182":10,"183":10,"185":10},"branchMap":{"0":{"type":"branch","line":4,"loc":{"start":{"line":4,"column":0},"end":{"line":186,"column":1}},"locations":[{"start":{"line":4,"column":0},"end":{"line":186,"column":1}}]},"1":{"type":"branch","line":181,"loc":{"start":{"line":181,"column":9},"end":{"line":181,"column":81}},"locations":[{"start":{"line":181,"column":9},"end":{"line":181,"column":81}}]},"2":{"type":"branch","line":182,"loc":{"start":{"line":182,"column":9},"end":{"line":182,"column":75}},"locations":[{"start":{"line":182,"column":9},"end":{"line":182,"column":75}}]},"3":{"type":"branch","line":19,"loc":{"start":{"line":19,"column":23},"end":{"line":25,"column":4}},"locations":[{"start":{"line":19,"column":23},"end":{"line":25,"column":4}}]},"4":{"type":"branch","line":23,"loc":{"start":{"line":23,"column":14},"end":{"line":23,"column":33}},"locations":[{"start":{"line":23,"column":14},"end":{"line":23,"column":33}}]},"5":{"type":"branch","line":27,"loc":{"start":{"line":27,"column":23},"end":{"line":47,"column":4}},"locations":[{"start":{"line":27,"column":23},"end":{"line":47,"column":4}}]},"6":{"type":"branch","line":42,"loc":{"start":{"line":42,"column":7},"end":{"line":46,"column":5}},"locations":[{"start":{"line":42,"column":7},"end":{"line":46,"column":5}}]},"7":{"type":"branch","line":33,"loc":{"start":{"line":33,"column":37},"end":{"line":35,"column":5}},"locations":[{"start":{"line":33,"column":37},"end":{"line":35,"column":5}}]}},"b":{"0":[10],"1":[0],"2":[0],"3":[7],"4":[0],"5":[1],"6":[0],"7":[8]},"fnMap":{"0":{"name":"PerfilEmpresa","decl":{"start":{"line":4,"column":0},"end":{"line":186,"column":1}},"loc":{"start":{"line":4,"column":0},"end":{"line":186,"column":1}},"line":4},"1":{"name":"handleChange","decl":{"start":{"line":19,"column":23},"end":{"line":25,"column":4}},"loc":{"start":{"line":19,"column":23},"end":{"line":25,"column":4}},"line":19},"2":{"name":"handleSubmit","decl":{"start":{"line":27,"column":23},"end":{"line":47,"column":4}},"loc":{"start":{"line":27,"column":23},"end":{"line":47,"column":4}},"line":27}},"f":{"0":10,"1":7,"2":1}}
,"C:\\Users\\Danil\\OneDrive\\Escritorio\\bolsa_trabajo_front\\worknet\\src\\components\\RegistroCandidato.jsx": {"path":"C:\\Users\\Danil\\OneDrive\\Escritorio\\bolsa_trabajo_front\\worknet\\src\\components\\RegistroCandidato.jsx","all":false,"statementMap":{"0":{"start":{"line":1,"column":0},"end":{"line":1,"column":33}},"1":{"start":{"line":2,"column":0},"end":{"line":2,"column":84}},"2":{"start":{"line":3,"column":0},"end":{"line":3,"column":34}},"4":{"start":{"line":5,"column":0},"end":{"line":5,"column":45}},"5":{"start":{"line":6,"column":0},"end":{"line":6,"column":62}},"7":{"start":{"line":8,"column":0},"end":{"line":8,"column":36}},"8":{"start":{"line":9,"column":0},"end":{"line":9,"column":24}},"9":{"start":{"line":10,"column":0},"end":{"line":10,"column":14}},"10":{"start":{"line":11,"column":0},"end":{"line":11,"column":18}},"11":{"start":{"line":12,"column":0},"end":{"line":12,"column":16}},"12":{"start":{"line":13,"column":0},"end":{"line":13,"column":5}},"14":{"start":{"line":15,"column":0},"end":{"line":15,"column":45}},"15":{"start":{"line":16,"column":0},"end":{"line":16,"column":41}},"17":{"start":{"line":18,"column":0},"end":{"line":18,"column":31}},"18":{"start":{"line":19,"column":0},"end":{"line":19,"column":58}},"19":{"start":{"line":20,"column":0},"end":{"line":20,"column":4}},"21":{"start":{"line":22,"column":0},"end":{"line":22,"column":37}},"22":{"start":{"line":23,"column":0},"end":{"line":23,"column":23}},"23":{"start":{"line":24,"column":0},"end":{"line":24,"column":19}},"24":{"start":{"line":25,"column":0},"end":{"line":25,"column":17}},"25":{"start":{"line":26,"column":0},"end":{"line":26,"column":9}},"26":{"start":{"line":27,"column":0},"end":{"line":27,"column":76}},"27":{"start":{"line":28,"column":0},"end":{"line":28,"column":36}},"28":{"start":{"line":29,"column":0},"end":{"line":29,"column":39}},"29":{"start":{"line":30,"column":0},"end":{"line":30,"column":17}},"30":{"start":{"line":31,"column":0},"end":{"line":31,"column":30}},"31":{"start":{"line":32,"column":0},"end":{"line":32,"column":20}},"32":{"start":{"line":33,"column":0},"end":{"line":33,"column":24}},"33":{"start":{"line":34,"column":0},"end":{"line":34,"column":22}},"34":{"start":{"line":35,"column":0},"end":{"line":35,"column":11}},"35":{"start":{"line":36,"column":0},"end":{"line":36,"column":14}},"36":{"start":{"line":37,"column":0},"end":{"line":37,"column":37}},"37":{"start":{"line":38,"column":0},"end":{"line":38,"column":7}},"38":{"start":{"line":39,"column":0},"end":{"line":39,"column":19}},"39":{"start":{"line":40,"column":0},"end":{"line":40,"column":46}},"40":{"start":{"line":41,"column":0},"end":{"line":41,"column":39}},"41":{"start":{"line":42,"column":0},"end":{"line":42,"column":28}},"42":{"start":{"line":43,"column":0},"end":{"line":43,"column":78}},"43":{"start":{"line":44,"column":0},"end":{"line":44,"column":32}},"44":{"start":{"line":45,"column":0},"end":{"line":45,"column":60}},"45":{"start":{"line":46,"column":0},"end":{"line":46,"column":16}},"46":{"start":{"line":47,"column":0},"end":{"line":47,"column":53}},"47":{"start":{"line":48,"column":0},"end":{"line":48,"column":9}},"48":{"start":{"line":49,"column":0},"end":{"line":49,"column":14}},"49":{"start":{"line":50,"column":0},"end":{"line":50,"column":54}},"50":{"start":{"line":51,"column":0},"end":{"line":51,"column":7}},"51":{"start":{"line":52,"column":0},"end":{"line":52,"column":5}},"52":{"start":{"line":53,"column":0},"end":{"line":53,"column":4}},"54":{"start":{"line":55,"column":0},"end":{"line":55,"column":10}},"55":{"start":{"line":56,"column":0},"end":{"line":56,"column":35}},"57":{"start":{"line":58,"column":0},"end":{"line":58,"column":101}},"58":{"start":{"line":59,"column":0},"end":{"line":59,"column":59}},"59":{"start":{"line":60,"column":0},"end":{"line":60,"column":43}},"61":{"start":{"line":62,"column":0},"end":{"line":62,"column":12}},"62":{"start":{"line":63,"column":0},"end":{"line":63,"column":15}},"63":{"start":{"line":64,"column":0},"end":{"line":64,"column":39}},"64":{"start":{"line":65,"column":0},"end":{"line":65,"column":118}},"65":{"start":{"line":66,"column":0},"end":{"line":66,"column":9}},"67":{"start":{"line":68,"column":0},"end":{"line":68,"column":17}},"68":{"start":{"line":69,"column":0},"end":{"line":69,"column":12}},"71":{"start":{"line":72,"column":0},"end":{"line":72,"column":84}},"72":{"start":{"line":73,"column":0},"end":{"line":73,"column":91}},"73":{"start":{"line":74,"column":0},"end":{"line":74,"column":84}},"75":{"start":{"line":76,"column":0},"end":{"line":76,"column":76}},"76":{"start":{"line":77,"column":0},"end":{"line":77,"column":15}},"77":{"start":{"line":78,"column":0},"end":{"line":78,"column":85}},"78":{"start":{"line":79,"column":0},"end":{"line":79,"column":18}},"79":{"start":{"line":80,"column":0},"end":{"line":80,"column":25}},"80":{"start":{"line":81,"column":0},"end":{"line":81,"column":36}},"81":{"start":{"line":82,"column":0},"end":{"line":82,"column":54}},"82":{"start":{"line":83,"column":0},"end":{"line":83,"column":51}},"83":{"start":{"line":84,"column":0},"end":{"line":84,"column":42}},"84":{"start":{"line":85,"column":0},"end":{"line":85,"column":37}},"85":{"start":{"line":86,"column":0},"end":{"line":86,"column":22}},"86":{"start":{"line":87,"column":0},"end":{"line":87,"column":14}},"87":{"start":{"line":88,"column":0},"end":{"line":88,"column":16}},"89":{"start":{"line":90,"column":0},"end":{"line":90,"column":15}},"90":{"start":{"line":91,"column":0},"end":{"line":91,"column":88}},"91":{"start":{"line":92,"column":0},"end":{"line":92,"column":18}},"92":{"start":{"line":93,"column":0},"end":{"line":93,"column":26}},"93":{"start":{"line":94,"column":0},"end":{"line":94,"column":26}},"94":{"start":{"line":95,"column":0},"end":{"line":95,"column":46}},"95":{"start":{"line":96,"column":0},"end":{"line":96,"column":51}},"96":{"start":{"line":97,"column":0},"end":{"line":97,"column":32}},"97":{"start":{"line":98,"column":0},"end":{"line":98,"column":37}},"98":{"start":{"line":99,"column":0},"end":{"line":99,"column":22}},"99":{"start":{"line":100,"column":0},"end":{"line":100,"column":14}},"100":{"start":{"line":101,"column":0},"end":{"line":101,"column":16}},"102":{"start":{"line":103,"column":0},"end":{"line":103,"column":15}},"103":{"start":{"line":104,"column":0},"end":{"line":104,"column":79}},"104":{"start":{"line":105,"column":0},"end":{"line":105,"column":18}},"105":{"start":{"line":106,"column":0},"end":{"line":106,"column":25}},"106":{"start":{"line":107,"column":0},"end":{"line":107,"column":30}},"107":{"start":{"line":108,"column":0},"end":{"line":108,"column":40}},"108":{"start":{"line":109,"column":0},"end":{"line":109,"column":51}},"109":{"start":{"line":110,"column":0},"end":{"line":110,"column":36}},"110":{"start":{"line":111,"column":0},"end":{"line":111,"column":37}},"111":{"start":{"line":112,"column":0},"end":{"line":112,"column":22}},"112":{"start":{"line":113,"column":0},"end":{"line":113,"column":14}},"113":{"start":{"line":114,"column":0},"end":{"line":114,"column":16}},"115":{"start":{"line":116,"column":0},"end":{"line":116,"column":15}},"116":{"start":{"line":117,"column":0},"end":{"line":117,"column":80}},"117":{"start":{"line":118,"column":0},"end":{"line":118,"column":18}},"118":{"start":{"line":119,"column":0},"end":{"line":119,"column":29}},"119":{"start":{"line":120,"column":0},"end":{"line":120,"column":29}},"120":{"start":{"line":121,"column":0},"end":{"line":121,"column":54}},"121":{"start":{"line":122,"column":0},"end":{"line":122,"column":51}},"122":{"start":{"line":123,"column":0},"end":{"line":123,"column":35}},"123":{"start":{"line":124,"column":0},"end":{"line":124,"column":37}},"124":{"start":{"line":125,"column":0},"end":{"line":125,"column":22}},"125":{"start":{"line":126,"column":0},"end":{"line":126,"column":14}},"126":{"start":{"line":127,"column":0},"end":{"line":127,"column":16}},"128":{"start":{"line":129,"column":0},"end":{"line":129,"column":17}},"129":{"start":{"line":130,"column":0},"end":{"line":130,"column":25}},"130":{"start":{"line":131,"column":0},"end":{"line":131,"column":111}},"131":{"start":{"line":132,"column":0},"end":{"line":132,"column":11}},"133":{"start":{"line":134,"column":0},"end":{"line":134,"column":19}},"134":{"start":{"line":135,"column":0},"end":{"line":135,"column":15}},"136":{"start":{"line":137,"column":0},"end":{"line":137,"column":69}},"137":{"start":{"line":138,"column":0},"end":{"line":138,"column":63}},"139":{"start":{"line":140,"column":0},"end":{"line":140,"column":36}},"140":{"start":{"line":141,"column":0},"end":{"line":141,"column":37}},"141":{"start":{"line":142,"column":0},"end":{"line":142,"column":15}},"142":{"start":{"line":143,"column":0},"end":{"line":143,"column":41}},"143":{"start":{"line":144,"column":0},"end":{"line":144,"column":65}},"144":{"start":{"line":145,"column":0},"end":{"line":145,"column":11}},"146":{"start":{"line":147,"column":0},"end":{"line":147,"column":17}},"147":{"start":{"line":148,"column":0},"end":{"line":148,"column":12}},"148":{"start":{"line":149,"column":0},"end":{"line":149,"column":12}},"149":{"start":{"line":150,"column":0},"end":{"line":150,"column":10}},"151":{"start":{"line":152,"column":0},"end":{"line":152,"column":1}}},"s":{"0":1,"1":1,"2":1,"4":8,"5":8,"7":8,"8":8,"9":8,"10":8,"11":8,"12":8,"14":8,"15":8,"17":8,"18":4,"19":4,"21":8,"22":1,"23":1,"24":1,"25":1,"26":1,"27":1,"28":1,"29":1,"30":1,"31":1,"32":1,"33":1,"34":1,"35":1,"36":0,"37":0,"38":1,"39":0,"40":0,"41":0,"42":0,"43":0,"44":0,"45":0,"46":0,"47":0,"48":0,"49":0,"50":0,"51":0,"52":1,"54":8,"55":8,"57":8,"58":8,"59":8,"61":8,"62":8,"63":8,"64":8,"65":8,"67":8,"68":8,"71":8,"72":8,"73":8,"75":8,"76":8,"77":8,"78":8,"79":8,"80":8,"81":8,"82":8,"83":8,"84":8,"85":8,"86":8,"87":8,"89":8,"90":8,"91":8,"92":8,"93":8,"94":8,"95":8,"96":8,"97":8,"98":8,"99":8,"100":8,"102":8,"103":8,"104":8,"105":8,"106":8,"107":8,"108":8,"109":8,"110":8,"111":8,"112":8,"113":8,"115":8,"116":8,"117":8,"118":8,"119":8,"120":8,"121":8,"122":8,"123":8,"124":8,"125":8,"126":8,"128":8,"129":8,"130":8,"131":8,"133":8,"134":8,"136":8,"137":8,"139":8,"140":8,"141":8,"142":8,"143":8,"144":8,"146":8,"147":8,"148":8,"149":8,"151":8},"branchMap":{"0":{"type":"branch","line":5,"loc":{"start":{"line":5,"column":0},"end":{"line":152,"column":1}},"locations":[{"start":{"line":5,"column":0},"end":{"line":152,"column":1}}]},"1":{"type":"branch","line":137,"loc":{"start":{"line":137,"column":9},"end":{"line":137,"column":69}},"locations":[{"start":{"line":137,"column":9},"end":{"line":137,"column":69}}]},"2":{"type":"branch","line":138,"loc":{"start":{"line":138,"column":9},"end":{"line":138,"column":63}},"locations":[{"start":{"line":138,"column":9},"end":{"line":138,"column":63}}]},"3":{"type":"branch","line":18,"loc":{"start":{"line":18,"column":23},"end":{"line":20,"column":4}},"locations":[{"start":{"line":18,"column":23},"end":{"line":20,"column":4}}]},"4":{"type":"branch","line":22,"loc":{"start":{"line":22,"column":23},"end":{"line":53,"column":4}},"locations":[{"start":{"line":22,"column":23},"end":{"line":53,"column":4}}]},"5":{"type":"branch","line":36,"loc":{"start":{"line":36,"column":6},"end":{"line":38,"column":7}},"locations":[{"start":{"line":36,"column":6},"end":{"line":38,"column":7}}]},"6":{"type":"branch","line":39,"loc":{"start":{"line":39,"column":4},"end":{"line":52,"column":5}},"locations":[{"start":{"line":39,"column":4},"end":{"line":52,"column":5}}]}},"b":{"0":[8],"1":[1],"2":[0],"3":[4],"4":[1],"5":[0],"6":[0]},"fnMap":{"0":{"name":"RegistroCandidato","decl":{"start":{"line":5,"column":0},"end":{"line":152,"column":1}},"loc":{"start":{"line":5,"column":0},"end":{"line":152,"column":1}},"line":5},"1":{"name":"handleChange","decl":{"start":{"line":18,"column":23},"end":{"line":20,"column":4}},"loc":{"start":{"line":18,"column":23},"end":{"line":20,"column":4}},"line":18},"2":{"name":"handleSubmit","decl":{"start":{"line":22,"column":23},"end":{"line":53,"column":4}},"loc":{"start":{"line":22,"column":23},"end":{"line":53,"column":4}},"line":22},"3":{"name":"onClick","decl":{"start":{"line":64,"column":19},"end":{"line":64,"column":39}},"loc":{"start":{"line":64,"column":19},"end":{"line":64,"column":39}},"line":64},"4":{"name":"onClick","decl":{"start":{"line":143,"column":21},"end":{"line":143,"column":41}},"loc":{"start":{"line":143,"column":21},"end":{"line":143,"column":41}},"line":143}},"f":{"0":8,"1":4,"2":1,"3":0,"4":0}}
,"C:\\Users\\Danil\\OneDrive\\Escritorio\\bolsa_trabajo_front\\worknet\\src\\components\\RegistroEmpresa.jsx": {"path":"C:\\Users\\Danil\\OneDrive\\Escritorio\\bolsa_trabajo_front\\worknet\\src\\components\\RegistroEmpresa.jsx","all":false,"statementMap":{"0":{"start":{"line":1,"column":0},"end":{"line":1,"column":33}},"1":{"start":{"line":2,"column":0},"end":{"line":2,"column":83}},"2":{"start":{"line":3,"column":0},"end":{"line":3,"column":34}},"4":{"start":{"line":5,"column":0},"end":{"line":5,"column":43}},"5":{"start":{"line":6,"column":0},"end":{"line":6,"column":62}},"7":{"start":{"line":8,"column":0},"end":{"line":8,"column":36}},"8":{"start":{"line":9,"column":0},"end":{"line":9,"column":14}},"9":{"start":{"line":10,"column":0},"end":{"line":10,"column":17}},"10":{"start":{"line":11,"column":0},"end":{"line":11,"column":21}},"11":{"start":{"line":12,"column":0},"end":{"line":12,"column":15}},"12":{"start":{"line":13,"column":0},"end":{"line":13,"column":17}},"13":{"start":{"line":14,"column":0},"end":{"line":14,"column":5}},"15":{"start":{"line":16,"column":0},"end":{"line":16,"column":45}},"16":{"start":{"line":17,"column":0},"end":{"line":17,"column":41}},"18":{"start":{"line":19,"column":0},"end":{"line":19,"column":31}},"19":{"start":{"line":20,"column":0},"end":{"line":20,"column":58}},"20":{"start":{"line":21,"column":0},"end":{"line":21,"column":4}},"22":{"start":{"line":23,"column":0},"end":{"line":23,"column":37}},"23":{"start":{"line":24,"column":0},"end":{"line":24,"column":23}},"24":{"start":{"line":25,"column":0},"end":{"line":25,"column":19}},"25":{"start":{"line":26,"column":0},"end":{"line":26,"column":17}},"26":{"start":{"line":27,"column":0},"end":{"line":27,"column":9}},"27":{"start":{"line":28,"column":0},"end":{"line":28,"column":74}},"28":{"start":{"line":29,"column":0},"end":{"line":29,"column":36}},"29":{"start":{"line":30,"column":0},"end":{"line":30,"column":79}},"30":{"start":{"line":31,"column":0},"end":{"line":31,"column":17}},"31":{"start":{"line":32,"column":0},"end":{"line":32,"column":20}},"32":{"start":{"line":33,"column":0},"end":{"line":33,"column":23}},"33":{"start":{"line":34,"column":0},"end":{"line":34,"column":27}},"34":{"start":{"line":35,"column":0},"end":{"line":35,"column":21}},"35":{"start":{"line":36,"column":0},"end":{"line":36,"column":23}},"36":{"start":{"line":37,"column":0},"end":{"line":37,"column":11}},"37":{"start":{"line":38,"column":0},"end":{"line":38,"column":14}},"38":{"start":{"line":39,"column":0},"end":{"line":39,"column":37}},"39":{"start":{"line":40,"column":0},"end":{"line":40,"column":7}},"40":{"start":{"line":41,"column":0},"end":{"line":41,"column":19}},"41":{"start":{"line":42,"column":0},"end":{"line":42,"column":46}},"42":{"start":{"line":43,"column":0},"end":{"line":43,"column":39}},"43":{"start":{"line":44,"column":0},"end":{"line":44,"column":28}},"44":{"start":{"line":45,"column":0},"end":{"line":45,"column":78}},"45":{"start":{"line":46,"column":0},"end":{"line":46,"column":32}},"46":{"start":{"line":47,"column":0},"end":{"line":47,"column":72}},"47":{"start":{"line":48,"column":0},"end":{"line":48,"column":16}},"48":{"start":{"line":49,"column":0},"end":{"line":49,"column":53}},"49":{"start":{"line":50,"column":0},"end":{"line":50,"column":9}},"50":{"start":{"line":51,"column":0},"end":{"line":51,"column":14}},"51":{"start":{"line":52,"column":0},"end":{"line":52,"column":54}},"52":{"start":{"line":53,"column":0},"end":{"line":53,"column":7}},"53":{"start":{"line":54,"column":0},"end":{"line":54,"column":5}},"54":{"start":{"line":55,"column":0},"end":{"line":55,"column":4}},"56":{"start":{"line":57,"column":0},"end":{"line":57,"column":10}},"57":{"start":{"line":58,"column":0},"end":{"line":58,"column":35}},"59":{"start":{"line":60,"column":0},"end":{"line":60,"column":101}},"60":{"start":{"line":61,"column":0},"end":{"line":61,"column":59}},"61":{"start":{"line":62,"column":0},"end":{"line":62,"column":43}},"63":{"start":{"line":64,"column":0},"end":{"line":64,"column":12}},"64":{"start":{"line":65,"column":0},"end":{"line":65,"column":15}},"65":{"start":{"line":66,"column":0},"end":{"line":66,"column":39}},"66":{"start":{"line":67,"column":0},"end":{"line":67,"column":118}},"67":{"start":{"line":68,"column":0},"end":{"line":68,"column":9}},"69":{"start":{"line":70,"column":0},"end":{"line":70,"column":17}},"70":{"start":{"line":71,"column":0},"end":{"line":71,"column":12}},"73":{"start":{"line":74,"column":0},"end":{"line":74,"column":84}},"74":{"start":{"line":75,"column":0},"end":{"line":75,"column":89}},"75":{"start":{"line":76,"column":0},"end":{"line":76,"column":87}},"77":{"start":{"line":78,"column":0},"end":{"line":78,"column":76}},"78":{"start":{"line":79,"column":0},"end":{"line":79,"column":15}},"79":{"start":{"line":80,"column":0},"end":{"line":80,"column":82}},"80":{"start":{"line":81,"column":0},"end":{"line":81,"column":18}},"81":{"start":{"line":82,"column":0},"end":{"line":82,"column":25}},"82":{"start":{"line":83,"column":0},"end":{"line":83,"column":33}},"83":{"start":{"line":84,"column":0},"end":{"line":84,"column":54}},"84":{"start":{"line":85,"column":0},"end":{"line":85,"column":51}},"85":{"start":{"line":86,"column":0},"end":{"line":86,"column":39}},"86":{"start":{"line":87,"column":0},"end":{"line":87,"column":37}},"87":{"start":{"line":88
[...]
mn":15}},"151":{"start":{"line":152,"column":0},"end":{"line":152,"column":69}},"152":{"start":{"line":153,"column":0},"end":{"line":153,"column":63}},"154":{"start":{"line":155,"column":0},"end":{"line":155,"column":36}},"155":{"start":{"line":156,"column":0},"end":{"line":156,"column":37}},"156":{"start":{"line":157,"column":0},"end":{"line":157,"column":15}},"157":{"start":{"line":158,"column":0},"end":{"line":158,"column":41}},"158":{"start":{"line":159,"column":0},"end":{"line":159,"column":65}},"159":{"start":{"line":160,"column":0},"end":{"line":160,"column":11}},"161":{"start":{"line":162,"column":0},"end":{"line":162,"column":17}},"162":{"start":{"line":163,"column":0},"end":{"line":163,"column":12}},"163":{"start":{"line":164,"column":0},"end":{"line":164,"column":12}},"164":{"start":{"line":165,"column":0},"end":{"line":165,"column":10}},"166":{"start":{"line":167,"column":0},"end":{"line":167,"column":1}}},"s":{"0":1,"1":1,"2":1,"4":9,"5":9,"7":9,"8":9,"9":9,"10":9,"11":9,"12":9,"13":9,"15":9,"16":9,"18":9,"19":5,"20":5,"22":9,"23":1,"24":1,"25":1,"26":1,"27":1,"28":1,"29":1,"30":1,"31":1,"32":1,"33":1,"34":1,"35":1,"36":1,"37":1,"38":0,"39":0,"40":1,"41":0,"42":0,"43":0,"44":0,"45":0,"46":0,"47":0,"48":0,"49":0,"50":0,"51":0,"52":0,"53":0,"54":1,"56":9,"57":9,"59":9,"60":9,"61":9,"63":9,"64":9,"65":9,"66":9,"67":9,"69":9,"70":9,"73":9,"74":9,"75":9,"77":9,"78":9,"79":9,"80":9,"81":9,"82":9,"83":9,"84":9,"85":9,"86":9,"87":9,"88":9,"89":9,"91":9,"92":9,"93":9,"94":9,"95":9,"96":9,"97":9,"98":9,"99":9,"100":9,"101":9,"102":9,"104":9,"105":9,"106":9,"107":9,"108":9,"109":9,"110":9,"111":9,"112":9,"113":9,"114":9,"115":9,"117":9,"118":9,"119":9,"120":9,"121":9,"122":9,"123":9,"124":9,"125":9,"126":9,"127":9,"128":9,"130":9,"131":9,"132":9,"133":9,"134":9,"135":9,"136":9,"137":9,"138":9,"139":9,"140":9,"141":9,"143":9,"144":9,"145":9,"146":9,"148":9,"149":9,"151":9,"152":9,"154":9,"155":9,"156":9,"157":9,"158":9,"159":9,"161":9,"162":9,"163":9,"164":9,"166":9},"branchMap":{"0":{"type":"branch","line":5,"loc":{"start":{"line":5,"column":0},"end":{"line":167,"column":1}},"locations":[{"start":{"line":5,"column":0},"end":{"line":167,"column":1}}]},"1":{"type":"branch","line":152,"loc":{"start":{"line":152,"column":9},"end":{"line":152,"column":69}},"locations":[{"start":{"line":152,"column":9},"end":{"line":152,"column":69}}]},"2":{"type":"branch","line":153,"loc":{"start":{"line":153,"column":9},"end":{"line":153,"column":63}},"locations":[{"start":{"line":153,"column":9},"end":{"line":153,"column":63}}]},"3":{"type":"branch","line":19,"loc":{"start":{"line":19,"column":23},"end":{"line":21,"column":4}},"locations":[{"start":{"line":19,"column":23},"end":{"line":21,"column":4}}]},"4":{"type":"branch","line":23,"loc":{"start":{"line":23,"column":23},"end":{"line":55,"column":4}},"locations":[{"start":{"line":23,"column":23},"end":{"line":55,"column":4}}]},"5":{"type":"branch","line":30,"loc":{"start":{"line":30,"column":33},"end":{"line":30,"column":77}},"locations":[{"start":{"line":30,"column":33},"end":{"line":30,"column":77}}]},"6":{"type":"branch","line":38,"loc":{"start":{"line":38,"column":6},"end":{"line":40,"column":7}},"locations":[{"start":{"line":38,"column":6},"end":{"line":40,"column":7}}]},"7":{"type":"branch","line":41,"loc":{"start":{"line":41,"column":4},"end":{"line":54,"column":5}},"locations":[{"start":{"line":41,"column":4},"end":{"line":54,"column":5}}]}},"b":{"0":[9],"1":[1],"2":[0],"3":[5],"4":[1],"5":[0],"6":[0],"7":[0]},"fnMap":{"0":{"name":"RegistroEmpresa","decl":{"start":{"line":5,"column":0},"end":{"line":167,"column":1}},"loc":{"start":{"line":5,"column":0},"end":{"line":167,"column":1}},"line":5},"1":{"name":"handleChange","decl":{"start":{"line":19,"column":23},"end":{"line":21,"column":4}},"loc":{"start":{"line":19,"column":23},"end":{"line":21,"column":4}},"line":19},"2":{"name":"handleSubmit","decl":{"start":{"line":23,"column":23},"end":{"line":55,"column":4}},"loc":{"start":{"line":23,"column":23},"end":{"line":55,"column":4}},"line":23},"3":{"name":"onClick","decl":{"start":{"line":66,"column":19},"end":{"line":66,"column":39}},"loc":{"start":{"line":66,"column":19},"end":{"line":66,"column":39}},"line":66},"4":{"name":"onClick","decl":{"start":{"line":158,"column":21},"end":{"line":158,"column":41}},"loc":{"start":{"line":158,"column":21},"end":{"line":158,"column":41}},"line":158}},"f":{"0":9,"1":5,"2":1,"3":0,"4":0}}
,"C:\\Users\\Danil\\OneDrive\\Escritorio\\bolsa_trabajo_front\\worknet\\src\\components\\RestablecerContrasena.jsx": {"path":"C:\\Users\\Danil\\OneDrive\\Escritorio\\bolsa_trabajo_front\\worknet\\src\\components\\RestablecerContrasena.jsx","all":false,"statementMap":{"2":{"start":{"line":3,"column":0},"end":{"line":3,"column":33}},"3":{"start":{"line":4,"column":0},"end":{"line":4,"column":58}},"4":{"start":{"line":5,"column":0},"end":{"line":5,"column":34}},"6":{"start":{"line":7,"column":0},"end":{"line":7,"column":49}},"7":{"start":{"line":8,"column":0},"end":{"line":8,"column":40}},"8":{"start":{"line":9,"column":0},"end":{"line":9,"column":33}},"10":{"start":{"line":11,"column":0},"end":{"line":11,"column":47}},"11":{"start":{"line":12,"column":0},"end":{"line":12,"column":65}},"12":{"start":{"line":13,"column":0},"end":{"line":13,"column":45}},"13":{"start":{"line":14,"column":0},"end":{"line":14,"column":41}},"15":{"start":{"line":16,"column":0},"end":{"line":16,"column":37}},"16":{"start":{"line":17,"column":0},"end":{"line":17,"column":23}},"17":{"start":{"line":18,"column":0},"end":{"line":18,"column":19}},"18":{"start":{"line":19,"column":0},"end":{"line":19,"column":17}},"20":{"start":{"line":21,"column":0},"end":{"line":21,"column":41}},"21":{"start":{"line":22,"column":0},"end":{"line":22,"column":48}},"22":{"start":{"line":23,"column":0},"end":{"line":23,"column":13}},"23":{"start":{"line":24,"column":0},"end":{"line":24,"column":5}},"25":{"start":{"line":26,"column":0},"end":{"line":26,"column":9}},"26":{"start":{"line":27,"column":0},"end":{"line":27,"column":38}},"27":{"start":{"line":28,"column":0},"end":{"line":28,"column":62}},"28":{"start":{"line":29,"column":0},"end":{"line":29,"column":36}},"29":{"start":{"line":30,"column":0},"end":{"line":30,"column":8}},"30":{"start":{"line":31,"column":0},"end":{"line":31,"column":40}},"31":{"start":{"line":32,"column":0},"end":{"line":32,"column":79}},"32":{"start":{"line":33,"column":0},"end":{"line":33,"column":19}},"33":{"start":{"line":34,"column":0},"end":{"line":34,"column":43}},"34":{"start":{"line":35,"column":0},"end":{"line":35,"column":29}},"35":{"start":{"line":36,"column":0},"end":{"line":36,"column":34}},"36":{"start":{"line":37,"column":0},"end":{"line":37,"column":14}},"37":{"start":{"line":38,"column":0},"end":{"line":38,"column":58}},"38":{"start":{"line":39,"column":0},"end":{"line":39,"column":7}},"39":{"start":{"line":40,"column":0},"end":{"line":40,"column":5}},"40":{"start":{"line":41,"column":0},"end":{"line":41,"column":4}},"42":{"start":{"line":43,"column":0},"end":{"line":43,"column":10}},"43":{"start":{"line":44,"column":0},"end":{"line":44,"column":88}},"44":{"start":{"line":45,"column":0},"end":{"line":45,"column":90}},"46":{"start":{"line":47,"column":0},"end":{"line":47,"column":92}},"47":{"start":{"line":48,"column":0},"end":{"line":48,"column":30}},"48":{"start":{"line":49,"column":0},"end":{"line":49,"column":76}},"49":{"start":{"line":50,"column":0},"end":{"line":50,"column":16}},"50":{"start":{"line":51,"column":0},"end":{"line":51,"column":27}},"51":{"start":{"line":52,"column":0},"end":{"line":52,"column":49}},"52":{"start":{"line":53,"column":0},"end":{"line":53,"column":28}},"53":{"start":{"line":54,"column":0},"end":{"line":54,"column":57}},"54":{"start":{"line":55,"column":0},"end":{"line":55,"column":20}},"55":{"start":{"line":56,"column":0},"end":{"line":56,"column":12}},"56":{"start":{"line":57,"column":0},"end":{"line":57,"column":14}},"58":{"start":{"line":59,"column":0},"end":{"line":59,"column":30}},"59":{"start":{"line":60,"column":0},"end":{"line":60,"column":80}},"60":{"start":{"line":61,"column":0},"end":{"line":61,"column":16}},"61":{"start":{"line":62,"column":0},"end":{"line":62,"column":27}},"62":{"start":{"line":63,"column":0},"end":{"line":63,"column":49}},"63":{"start":{"line":64,"column":0},"end":{"line":64,"column":37}},"64":{"start":{"line":65,"column":0},"end":{"line":65,"column":66}},"65":{"start":{"line":66,"column":0},"end":{"line":66,"column":20}},"66":{"start":{"line":67,"column":0},"end":{"line":67,"column":12}},"67":{"start":{"line":68,"column":0},"end":{"line":68,"column":14}},"69":{"start":{"line":70,"column":0},"end":{"line":70,"column":109}},"71":{"start":{"line":72,"column":0},"end":{"line":72,"column":17}},"73":{"start":{"line":74,"column":0},"end":{"line":74,"column":81}},"74":{"start":{"line":75,"column":0},"end":{"line":75,"column":75}},"75":{"start":{"line":76,"column":0},"end":{"line":76,"column":13}},"76":{"start":{"line":77,"column":0},"end":{"line":77,"column":10}},"78":{"start":{"line":79,"column":0},"end":{"line":79,"column":1}}},"s":{"2":1,"3":1,"4":1,"6":5,"7":5,"8":5,"10":5,"11":5,"12":5,"13":5,"15":5,"16":1,"17":1,"18":1,"20":1,"21":0,"22":0,"23":0,"25":1,"26":1,"27":1,"28":1,"29":1,"30":1,"31":1,"32":1,"33":0,"34":0,"35":0,"36":0,"37":0,"38":0,"39":0,"40":1,"42":5,"43":5,"44":5,"46":5,"47":5,"48":5,"49":5,"50":5,"51":5,"52":5,"53":5,"54":5,"55":5,"56":5,"58":5,"59":5,"60":5,"61":5,"62":5,"63":5,"64":5,"65":5,"66":5,"67":5,"69":5,"71":5,"73":5,"74":5,"75":5,"76":5,"78":5},"branchMap":{"0":{"type":"branch","line":7,"loc":{"start":{"line":7,"column":0},"end":{"line":79,"column":1}},"locations":[{"start":{"line":7,"column":0},"end":{"line":79,"column":1}}]},"1":{"type":"branch","line":74,"loc":{"start":{"line":74,"column":9},"end":{"line":74,"column":81}},"locations":[{"start":{"line":74,"column":9},"end":{"line":74,"column":81}}]},"2":{"type":"branch","line":75,"loc":{"start":{"line":75,"column":9},"end":{"line":75,"column":75}},"locations":[{"start":{"line":75,"column":9},"end":{"line":75,"column":75}}]},"3":{"type":"branch","line":16,"loc":{"start":{"line":16,"column":23},"end":{"line":41,"column":4}},"locations":[{"start":{"line":16,"column":23},"end":{"line":41,"column":4}}]},"4":{"type":"branch","line":21,"loc":{"start":{"line":21,"column":40},"end":{"line":24,"column":5}},"locations":[{"start":{"line":21,"column":40},"end":{"line":24,"column":5}}]},"5":{"type":"branch","line":33,"loc":{"start":{"line":33,"column":4},"end":{"line":40,"column":5}},"locations":[{"start":{"line":33,"column":4},"end":{"line":40,"column":5}}]},"6":{"type":"branch","line":54,"loc":{"start":{"line":54,"column":22},"end":{"line":54,"column":57}},"locations":[{"start":{"line":54,"column":22},"end":{"line":54,"column":57}}]},"7":{"type":"branch","line":65,"loc":{"start":{"line":65,"column":22},"end":{"line":65,"column":66}},"locations":[{"start":{"line":65,"column":22},"end":{"line":65,"column":66}}]}},"b":{"0":[5],"1":[0],"2":[0],"3":[1],"4":[0],"5":[0],"6":[1],"7":[1]},"fnMap":{"0":{"name":"RestablecerContrasena","decl":{"start":{"line":7,"column":0},"end":{"line":79,"column":1}},"loc":{"start":{"line":7,"column":0},"end":{"line":79,"column":1}},"line":7},"1":{"name":"handleSubmit","decl":{"start":{"line":16,"column":23},"end":{"line":41,"column":4}},"loc":{"start":{"line":16,"column":23},"end":{"line":41,"column":4}},"line":16},"2":{"name":"onChange","decl":{"start":{"line":54,"column":22},"end":{"line":54,"column":57}},"loc":{"start":{"line":54,"column":22},"end":{"line":54,"column":57}},"line":54},"3":{"name":"onChange","decl":{"start":{"line":65,"column":22},"end":{"line":65,"column":66}},"loc":{"start":{"line":65,"column":22},"end":{"line":65,"column":66}},"line":65}},"f":{"0":5,"1":1,"2":1,"3":1}}
,"C:\\Users\\Danil\\OneDrive\\Escritorio\\bolsa_trabajo_front\\worknet\\src\\components\\SolicitarRecuperacion.jsx": {"path":"C:\\Users\\Danil\\OneDrive\\Escritorio\\bolsa_trabajo_front\\worknet\\src\\components\\SolicitarRecuperacion.jsx","all":false,"statementMap":{"0":{"start":{"line":1,"column":0},"end":{"line":1,"column":33}},"1":{"start":{"line":2,"column":0},"end":{"line":2,"column":58}},"2":{"start":{"line":3,"column":0},"end":{"line":3,"column":26}},"4":{"start":{"line":5,"column":0},"end":{"line":5,"column":49}},"5":{"start":{"line":6,"column":0},"end":{"line":6,"column":37}},"6":{"start":{"line":7,"column":0},"end":{"line":7,"column":33}},"8":{"start":{"line":9,"column":0},"end":{"line":9,"column":47}},"9":{"start":{"line":10,"column":0},"end":{"line":10,"column":49}},"10":{"start":{"line":11,"column":0},"end":{"line":11,"column":45}},"11":{"start":{"line":12,"column":0},"end":{"line":12,"column":41}},"13":{"start":{"line":14,"column":0},"end":{"line":14,"column":35}},"14":{"start":{"line":15,"column":0},"end":{"line":15,"column":23}},"15":{"start":{"line":16,"column":0},"end":{"line":16,"column":19}},"16":{"start":{"line":17,"column":0},"end":{"line":17,"column":17}},"18":{"start":{"line":19,"column":0},"end":{"line":19,"column":33}},"19":{"start":{"line":20,"column":0},"end":{"line":20,"column":48}},"20":{"start":{"line":21,"column":0},"end":{"line":21,"column":13}},"21":{"start":{"line":22,"column":0},"end":{"line":22,"column":5}},"23":{"start":{"line":24,"column":0},"end":{"line":24,"column":9}},"24":{"start":{"line":25,"column":0},"end":{"line":25,"column":92}},"25":{"start":{"line":26,"column":0},"end":{"line":26,"column":12}},"26":{"start":{"line":27,"column":0},"end":{"line":27,"column":14}},"27":{"start":{"line":28,"column":0},"end":{"line":28,"column":34}},"28":{"start":{"line":29,"column":0},"end":{"line":29,"column":9}},"30":{"start":{"line":31,"column":0},"end":{"line":31,"column":76}},"31":{"start":{"line":32,"column":0},"end":{"line":32,"column":44}},"32":{"start":{"line":33,"column":0},"end":{"line":33,"column":19}},"33":{"start":{"line":34,"column":0},"end":{"line":34,"column":58}},"34":{"start":{"line":35,"column":0},"end":{"line":35,"column":5}},"35":{"start":{"line":36,"column":0},"end":{"line":36,"column":4}},"37":{"start":{"line":38,"column":0},"end":{"line":38,"column":10}},"38":{"start":{"line":39,"column":0},"end":{"line":39,"column":80}},"39":{"start":{"line":40,"column":0},"end":{"line":40,"column":90}},"40":{"start":{"line":41,"column":0},"end":{"line":41,"column":74}},"41":{"start":{"line":42,"column":0},"end":{"line":42,"column":13}},"42":{"start":{"line":43,"column":0},"end":{"line":43,"column":76}},"43":{"start":{"line":44,"column":0},"end":{"line":44,"column":16}},"44":{"start":{"line":45,"column":0},"end":{"line":45,"column":27}},"45":{"start":{"line":46,"column":0},"end":{"line":46,"column":28}},"46":{"start":{"line":47,"column":0},"end":{"line":47,"column":55}},"47":{"start":{"line":48,"column":0},"end":{"line":48,"column":55}},"48":{"start":{"line":49,"column":0},"end":{"line":49,"column":20}},"49":{"start":{"line":50,"column":0},"end":{"line":50,"column":12}},"50":{"start":{"line":51,"column":0},"end":{"line":51,"column":14}},"51":{"start":{"line":52,"column":0},"end":{"line":52,"column":13}},"52":{"start":{"line":53,"column":0},"end":{"line":53,"column":80}},"53":{"start":{"line":54,"column":0},"end":{"line":54,"column":16}},"54":{"start":{"line":55,"column":0},"end":{"line":55,"column":27}},"55":{"start":{"line":56,"column":0},"end":{"line":56,"column":29}},"56":{"start":{"line":57,"column":0},"end":{"line":57,"column":56}},"57":{"start":{"line":58,"column":0},"end":{"line":58,"column":55}},"58":{"start":{"line":59,"column":0},"end":{"line":59,"column":20}},"59":{"start":{"line":60,"column":0},"end":{"line":60,"column":12}},"60":{"start":{"line":61,"column":0},"end":{"line":61,"column":14}},"61":{"start":{"line":62,"column":0},"end":{"line":62,"column":15}},"62":{"start":{"line":63,"column":0},"end":{"line":63,"column":23}},"63":{"start":{"line":64,"column":0},"end":{"line":64,"column":99}},"64":{"start":{"line":65,"column":0},"end":{"line":65,"column":9}},"66":{"start":{"line":67,"column":0},"end":{"line":67,"column":17}},"67":{"start":{"line":68,"column":0},"end":{"line":68,"column":76}},"68":{"start":{"line":69,"column":0},"end":{"line":69,"column":70}},"69":{"start":{"line":70,"column":0},"end":{"line":70,"column":13}},"70":{"start":{"line":71,"column":0},"end":{"line":71,"column":10}},"72":{"start":{"line":73,"column":0},"end":{"line":73,"column":1}}},"s":{"0":1,"1":1,"2":1,"4":10,"5":10,"6":10,"8":10,"9":10,"10":10,"11":10,"13":10,"14":2,"15":2,"16":2,"18":2,"19":1,"20":1,"21":1,"23":1,"24":1,"25":1,"26":1,"27":1,"28":1,"30":1,"31":1,"32":2,"33":0,"34":0,"35":2,"37":10,"38":10,"39":10,"40":10,"41":10,"42":10,"43":10,"44":10,"45":10,"46":10,"47":10,"48":10,"49":10,"50":10,"51":10,"52":10,"53":10,"54":10,"55":10,"56":10,"57":10,"58":10,"59":10,"60":10,"61":10,"62":10,"63":10,"64":10,"66":10,"67":10,"68":10,"69":10,"70":10,"72":10},"branchMap":{"0":{"type":"branch","line":5,"loc":{"start":{"line":5,"column":0},"end":{"line":73,"column":1}},"locations":[{"start":{"line":5,"column":0},"end":{"line":73,"column":1}}]},"1":{"type":"branch","line":68,"loc":{"start":{"line":68,"column":9},"end":{"line":68,"column":76}},"locations":[{"start":{"line":68,"column":9},"end":{"line":68,"column":76}}]},"2":{"type":"branch","line":69,"loc":{"start":{"line":69,"column":9},"end":{"line":69,"column":70}},"locations":[{"start":{"line":69,"column":9},"end":{"line":69,"column":70}}]},"3":{"type":"branch","line":14,"loc":{"start":{"line":14,"column":23},"end":{"line":36,"column":4}},"locations":[{"start":{"line":14,"column":23},"end":{"line":36,"column":4}}]},"4":{"type":"branch","line":19,"loc":{"start":{"line":19,"column":32},"end":{"line":33,"column":13}},"locations":[{"start":{"line":19,"column":32},"end":{"line":33,"column":13}}]},"5":{"type":"branch","line":33,"loc":{"start":{"line":33,"column":4},"end":{"line":35,"column":5}},"locations":[{"start":{"line":33,"column":4},"end":{"line":35,"column":5}}]},"6":{"type":"branch","line":47,"loc":{"start":{"line":47,"column":22},"end":{"line":47,"column":55}},"locations":[{"start":{"line":47,"column":22},"end":{"line":47,"column":55}}]},"7":{"type":"branch","line":57,"loc":{"start":{"line":57,"column":22},"end":{"line":57,"column":56}},"locations":[{"start":{"line":57,"column":22},"end":{"line":57,"column":56}}]}},"b":{"0":[10],"1":[1],"2":[1],"3":[2],"4":[1],"5":[0],"6":[2],"7":[2]},"fnMap":{"0":{"name":"RestablecerContrasena","decl":{"start":{"line":5,"column":0},"end":{"line":73,"column":1}},"loc":{"start":{"line":5,"column":0},"end":{"line":73,"column":1}},"line":5},"1":{"name":"handleSubmit","decl":{"start":{"line":14,"column":23},"end":{"line":36,"column":4}},"loc":{"start":{"line":14,"column":23},"end":{"line":36,"column":4}},"line":14},"2":{"name":"onChange","decl":{"start":{"line":47,"column":22},"end":{"line":47,"column":55}},"loc":{"start":{"line":47,"column":22},"end":{"line":47,"column":55}},"line":47},"3":{"name":"onChange","decl":{"start":{"line":57,"column":22},"end":{"line":57,"column":56}},"loc":{"start":{"line":57,"column":22},"end":{"line":57,"column":56}},"line":57}},"f":{"0":10,"1":2,"2":2,"3":2}}
,"C:\\Users\\Danil\\OneDrive\\Escritorio\\bolsa_trabajo_front\\worknet\\src\\services\\api.js": {"path":"C:\\Users\\Danil\\OneDrive\\Escritorio\\bolsa_trabajo_front\\worknet\\src\\services\\api.js","all":false,"statementMap":{"0":{"start":{"line":1,"column":0},"end":{"line":1,"column":22}},"1":{"start":{"line":2,"column":0},"end":{"line":2,"column":49}},"2":{"start":{"line":3,"column":0},"end":{"line":3,"column":0}},"3":{"start":{"line":4,"column":0},"end":{"line":4,"column":26}},"4":{"start":{"line":5,"column":0},"end":{"line":5,"column":40}},"5":{"start":{"line":6,"column":0},"end":{"line":6,"column":3}},"6":{"start":{"line":7,"column":0},"end":{"line":7,"column":0}},"7":{"start":{"line":8,"column":0},"end":{"line":8,"column":19}}},"s":{"0":1,"1":1,"2":1,"3":1,"4":1,"5":1,"6":1,"7":1},"branchMap":{},"b":{},"fnMap":{},"f":{}}
}
